{
  "uid" : "3375baa6eefa551f",
  "name" : "TC01: Successful registration of a new account with valid information.",
  "fullName" : "tests.test_registration.TestRegistration#test_registration",
  "historyId" : "a52a484530a8a2868f0494951d73f0e2",
  "time" : {
    "start" : 1735821726928,
    "stop" : 1735821740042,
    "duration" : 13114
  },
  "description" : "\n    This test verifies that a new account can be successfully registered using valid email, password, and username information.\n    ",
  "descriptionHtml" : "<pre><code>This test verifies that a new account can be successfully registered using valid email, password, and username information.\n</code></pre>\n",
  "status" : "broken",
  "statusMessage" : "selenium.common.exceptions.UnexpectedAlertPresentException: Alert Text: {Alert text : \nMessage: unexpected alert open: {Alert text : }\n  (Session info: headless chrome=112.0.5615.165)",
  "statusTrace" : "self = <test_registration.TestRegistration object at 0x7f5eaee76990>\ndelete_account = <function delete_account.<locals>.delete at 0x7f5eb051ae80>\n\n    @pytest.mark.order(1)\n    @pytest.mark.regression\n    @allure.feature(\"Registration\")\n    @allure.description(\"\"\"\n    This test verifies that a new account can be successfully registered using valid email, password, and username information.\n    \"\"\")\n    @allure.severity(allure.severity_level.CRITICAL)\n    @allure.title(\"TC01: Successful registration of a new account with valid information.\")\n    def test_registration(self, delete_account):\n        fake = FakeDataGenerator()\n        email = fake.email\n        password = fake.password\n        username = fake.username\n        try:\n            # Steps:\n            self.signup_page.open()\n            self.signup_page.is_page_heading_signup()\n            self.signup_page.enter_email(email)\n            self.signup_page.enter_password(password)\n            self.signup_page.click_signup_with_email_button()\n            self.signup_page.enter_username(username)\n            self.signup_page.click_continue_button()\n            self.signup_page.select_personal_checkbox()\n            self.signup_page.select_education_checkbox()\n            self.signup_page.click_launch_todoist_button()\n            self.home_page.is_opened()\n            self.home_page.is_sidebar_contains_username(username)\n        except Exception as e:\n            take_screenshot(self.driver, \"Registration Test Failed\")\n            raise e\n        # Postconditions:\n        with allure.step(\"Postconditions: Delete the created account.\"):\n>           delete_account(email, password)\n\ntests/test_registration.py:43: \n_ _ _ _ _ _ _ _ _ _ _ _ _ _ _ _ _ _ _ _ _ _ _ _ _ _ _ _ _ _ _ _ _ _ _ _ _ _ _ _ \nconftest.py:85: in delete\n    raise e\nconftest.py:79: in delete\n    delete_management_page.enter_email(email)\npages/profile_management_pages.py:120: in enter_email\n    self.enter_text(self.TODOIST_EMAIL_FIELD, email)\nbase/base_page.py:24: in enter_text\n    element = self.wait.until(EC.element_to_be_clickable(locator))\n../local/lib/python3.11/site-packages/selenium/webdriver/support/wait.py:96: in until\n    value = method(self._driver)\n../local/lib/python3.11/site-packages/selenium/webdriver/support/expected_conditions.py:363: in _predicate\n    target = driver.find_element(*target)  # grab element at locator\n../local/lib/python3.11/site-packages/selenium/webdriver/remote/webdriver.py:766: in find_element\n    return self.execute(Command.FIND_ELEMENT, {\"using\": by, \"value\": value})[\"value\"]\n../local/lib/python3.11/site-packages/selenium/webdriver/remote/webdriver.py:380: in execute\n    self.error_handler.check_response(response)\n_ _ _ _ _ _ _ _ _ _ _ _ _ _ _ _ _ _ _ _ _ _ _ _ _ _ _ _ _ _ _ _ _ _ _ _ _ _ _ _ \n\nself = <selenium.webdriver.remote.errorhandler.ErrorHandler object at 0x7f5eafb17d10>\nresponse = {'status': 500, 'value': '{\"value\":{\"data\":{\"text\":\"{Alert text : \"},\"error\":\"unexpected alert open\",\"message\":\"unexpected alert open: {Alert text : }\\\\n  (Session info: headless chrome=112.0.5615.165)\",\"stacktrace\":\"\"}}'}\n\n    def check_response(self, response: Dict[str, Any]) -> None:\n        \"\"\"Checks that a JSON response from the WebDriver does not have an\n        error.\n    \n        :Args:\n         - response - The JSON response from the WebDriver server as a dictionary\n           object.\n    \n        :Raises: If the response contains an error message.\n        \"\"\"\n        status = response.get(\"status\", None)\n        if not status or status == ErrorCode.SUCCESS:\n            return\n        value = None\n        message = response.get(\"message\", \"\")\n        screen: str = response.get(\"screen\", \"\")\n        stacktrace = None\n        if isinstance(status, int):\n            value_json = response.get(\"value\", None)\n            if value_json and isinstance(value_json, str):\n                import json\n    \n                try:\n                    value = json.loads(value_json)\n                    if len(value) == 1:\n                        value = value[\"value\"]\n                    status = value.get(\"error\", None)\n                    if not status:\n                        status = value.get(\"status\", ErrorCode.UNKNOWN_ERROR)\n                        message = value.get(\"value\") or value.get(\"message\")\n                        if not isinstance(message, str):\n                            value = message\n                            message = message.get(\"message\")\n                    else:\n                        message = value.get(\"message\", None)\n                except ValueError:\n                    pass\n    \n        exception_class: Type[WebDriverException]\n        e = ErrorCode()\n        error_codes = [item for item in dir(e) if not item.startswith(\"__\")]\n        for error_code in error_codes:\n            error_info = getattr(ErrorCode, error_code)\n            if isinstance(error_info, list) and status in error_info:\n                exception_class = getattr(ExceptionMapping, error_code, WebDriverException)\n                break\n        else:\n            exception_class = WebDriverException\n    \n        if not value:\n            value = response[\"value\"]\n        if isinstance(value, str):\n            raise exception_class(value)\n        if message == \"\" and \"message\" in value:\n            message = value[\"message\"]\n    \n        screen = None  # type: ignore[assignment]\n        if \"screen\" in value:\n            screen = value[\"screen\"]\n    \n        stacktrace = None\n        st_value = value.get(\"stackTrace\") or value.get(\"stacktrace\")\n        if st_value:\n            if isinstance(st_value, str):\n                stacktrace = st_value.split(\"\\n\")\n            else:\n                stacktrace = []\n                try:\n                    for frame in st_value:\n                        line = frame.get(\"lineNumber\", \"\")\n                        file = frame.get(\"fileName\", \"<anonymous>\")\n                        if line:\n                            file = f\"{file}:{line}\"\n                        meth = frame.get(\"methodName\", \"<anonymous>\")\n                        if \"className\" in frame:\n                            meth = f\"{frame['className']}.{meth}\"\n                        msg = \"    at %s (%s)\"\n                        msg = msg % (meth, file)\n                        stacktrace.append(msg)\n                except TypeError:\n                    pass\n        if exception_class == UnexpectedAlertPresentException:\n            alert_text = None\n            if \"data\" in value:\n                alert_text = value[\"data\"].get(\"text\")\n            elif \"alert\" in value:\n                alert_text = value[\"alert\"].get(\"text\")\n>           raise exception_class(message, screen, stacktrace, alert_text)  # type: ignore[call-arg]  # mypy is not smart enough here\nE           selenium.common.exceptions.UnexpectedAlertPresentException: Alert Text: {Alert text : \nE           Message: unexpected alert open: {Alert text : }\nE             (Session info: headless chrome=112.0.5615.165)\n\n../local/lib/python3.11/site-packages/selenium/webdriver/remote/errorhandler.py:228: UnexpectedAlertPresentException",
  "flaky" : false,
  "newFailed" : false,
  "beforeStages" : [ {
    "name" : "setup",
    "time" : {
      "start" : 1735821726927,
      "stop" : 1735821726927,
      "duration" : 0
    },
    "status" : "passed",
    "steps" : [ ],
    "attachments" : [ ],
    "parameters" : [ ],
    "attachmentsCount" : 0,
    "shouldDisplayMessage" : false,
    "stepsCount" : 0,
    "hasContent" : false
  }, {
    "name" : "_session_faker",
    "time" : {
      "start" : 1735821726483,
      "stop" : 1735821726549,
      "duration" : 66
    },
    "status" : "passed",
    "steps" : [ ],
    "attachments" : [ ],
    "parameters" : [ ],
    "attachmentsCount" : 0,
    "shouldDisplayMessage" : false,
    "stepsCount" : 0,
    "hasContent" : false
  }, {
    "name" : "driver",
    "time" : {
      "start" : 1735821726549,
      "stop" : 1735821726927,
      "duration" : 378
    },
    "status" : "passed",
    "steps" : [ ],
    "attachments" : [ ],
    "parameters" : [ ],
    "attachmentsCount" : 0,
    "shouldDisplayMessage" : false,
    "stepsCount" : 0,
    "hasContent" : false
  }, {
    "name" : "delete_account",
    "time" : {
      "start" : 1735821726927,
      "stop" : 1735821726927,
      "duration" : 0
    },
    "status" : "passed",
    "steps" : [ ],
    "attachments" : [ ],
    "parameters" : [ ],
    "attachmentsCount" : 0,
    "shouldDisplayMessage" : false,
    "stepsCount" : 0,
    "hasContent" : false
  } ],
  "testStage" : {
    "description" : "\n    This test verifies that a new account can be successfully registered using valid email, password, and username information.\n    ",
    "status" : "broken",
    "statusMessage" : "selenium.common.exceptions.UnexpectedAlertPresentException: Alert Text: {Alert text : \nMessage: unexpected alert open: {Alert text : }\n  (Session info: headless chrome=112.0.5615.165)",
    "statusTrace" : "self = <test_registration.TestRegistration object at 0x7f5eaee76990>\ndelete_account = <function delete_account.<locals>.delete at 0x7f5eb051ae80>\n\n    @pytest.mark.order(1)\n    @pytest.mark.regression\n    @allure.feature(\"Registration\")\n    @allure.description(\"\"\"\n    This test verifies that a new account can be successfully registered using valid email, password, and username information.\n    \"\"\")\n    @allure.severity(allure.severity_level.CRITICAL)\n    @allure.title(\"TC01: Successful registration of a new account with valid information.\")\n    def test_registration(self, delete_account):\n        fake = FakeDataGenerator()\n        email = fake.email\n        password = fake.password\n        username = fake.username\n        try:\n            # Steps:\n            self.signup_page.open()\n            self.signup_page.is_page_heading_signup()\n            self.signup_page.enter_email(email)\n            self.signup_page.enter_password(password)\n            self.signup_page.click_signup_with_email_button()\n            self.signup_page.enter_username(username)\n            self.signup_page.click_continue_button()\n            self.signup_page.select_personal_checkbox()\n            self.signup_page.select_education_checkbox()\n            self.signup_page.click_launch_todoist_button()\n            self.home_page.is_opened()\n            self.home_page.is_sidebar_contains_username(username)\n        except Exception as e:\n            take_screenshot(self.driver, \"Registration Test Failed\")\n            raise e\n        # Postconditions:\n        with allure.step(\"Postconditions: Delete the created account.\"):\n>           delete_account(email, password)\n\ntests/test_registration.py:43: \n_ _ _ _ _ _ _ _ _ _ _ _ _ _ _ _ _ _ _ _ _ _ _ _ _ _ _ _ _ _ _ _ _ _ _ _ _ _ _ _ \nconftest.py:85: in delete\n    raise e\nconftest.py:79: in delete\n    delete_management_page.enter_email(email)\npages/profile_management_pages.py:120: in enter_email\n    self.enter_text(self.TODOIST_EMAIL_FIELD, email)\nbase/base_page.py:24: in enter_text\n    element = self.wait.until(EC.element_to_be_clickable(locator))\n../local/lib/python3.11/site-packages/selenium/webdriver/support/wait.py:96: in until\n    value = method(self._driver)\n../local/lib/python3.11/site-packages/selenium/webdriver/support/expected_conditions.py:363: in _predicate\n    target = driver.find_element(*target)  # grab element at locator\n../local/lib/python3.11/site-packages/selenium/webdriver/remote/webdriver.py:766: in find_element\n    return self.execute(Command.FIND_ELEMENT, {\"using\": by, \"value\": value})[\"value\"]\n../local/lib/python3.11/site-packages/selenium/webdriver/remote/webdriver.py:380: in execute\n    self.error_handler.check_response(response)\n_ _ _ _ _ _ _ _ _ _ _ _ _ _ _ _ _ _ _ _ _ _ _ _ _ _ _ _ _ _ _ _ _ _ _ _ _ _ _ _ \n\nself = <selenium.webdriver.remote.errorhandler.ErrorHandler object at 0x7f5eafb17d10>\nresponse = {'status': 500, 'value': '{\"value\":{\"data\":{\"text\":\"{Alert text : \"},\"error\":\"unexpected alert open\",\"message\":\"unexpected alert open: {Alert text : }\\\\n  (Session info: headless chrome=112.0.5615.165)\",\"stacktrace\":\"\"}}'}\n\n    def check_response(self, response: Dict[str, Any]) -> None:\n        \"\"\"Checks that a JSON response from the WebDriver does not have an\n        error.\n    \n        :Args:\n         - response - The JSON response from the WebDriver server as a dictionary\n           object.\n    \n        :Raises: If the response contains an error message.\n        \"\"\"\n        status = response.get(\"status\", None)\n        if not status or status == ErrorCode.SUCCESS:\n            return\n        value = None\n        message = response.get(\"message\", \"\")\n        screen: str = response.get(\"screen\", \"\")\n        stacktrace = None\n        if isinstance(status, int):\n            value_json = response.get(\"value\", None)\n            if value_json and isinstance(value_json, str):\n                import json\n    \n                try:\n                    value = json.loads(value_json)\n                    if len(value) == 1:\n                        value = value[\"value\"]\n                    status = value.get(\"error\", None)\n                    if not status:\n                        status = value.get(\"status\", ErrorCode.UNKNOWN_ERROR)\n                        message = value.get(\"value\") or value.get(\"message\")\n                        if not isinstance(message, str):\n                            value = message\n                            message = message.get(\"message\")\n                    else:\n                        message = value.get(\"message\", None)\n                except ValueError:\n                    pass\n    \n        exception_class: Type[WebDriverException]\n        e = ErrorCode()\n        error_codes = [item for item in dir(e) if not item.startswith(\"__\")]\n        for error_code in error_codes:\n            error_info = getattr(ErrorCode, error_code)\n            if isinstance(error_info, list) and status in error_info:\n                exception_class = getattr(ExceptionMapping, error_code, WebDriverException)\n                break\n        else:\n            exception_class = WebDriverException\n    \n        if not value:\n            value = response[\"value\"]\n        if isinstance(value, str):\n            raise exception_class(value)\n        if message == \"\" and \"message\" in value:\n            message = value[\"message\"]\n    \n        screen = None  # type: ignore[assignment]\n        if \"screen\" in value:\n            screen = value[\"screen\"]\n    \n        stacktrace = None\n        st_value = value.get(\"stackTrace\") or value.get(\"stacktrace\")\n        if st_value:\n            if isinstance(st_value, str):\n                stacktrace = st_value.split(\"\\n\")\n            else:\n                stacktrace = []\n                try:\n                    for frame in st_value:\n                        line = frame.get(\"lineNumber\", \"\")\n                        file = frame.get(\"fileName\", \"<anonymous>\")\n                        if line:\n                            file = f\"{file}:{line}\"\n                        meth = frame.get(\"methodName\", \"<anonymous>\")\n                        if \"className\" in frame:\n                            meth = f\"{frame['className']}.{meth}\"\n                        msg = \"    at %s (%s)\"\n                        msg = msg % (meth, file)\n                        stacktrace.append(msg)\n                except TypeError:\n                    pass\n        if exception_class == UnexpectedAlertPresentException:\n            alert_text = None\n            if \"data\" in value:\n                alert_text = value[\"data\"].get(\"text\")\n            elif \"alert\" in value:\n                alert_text = value[\"alert\"].get(\"text\")\n>           raise exception_class(message, screen, stacktrace, alert_text)  # type: ignore[call-arg]  # mypy is not smart enough here\nE           selenium.common.exceptions.UnexpectedAlertPresentException: Alert Text: {Alert text : \nE           Message: unexpected alert open: {Alert text : }\nE             (Session info: headless chrome=112.0.5615.165)\n\n../local/lib/python3.11/site-packages/selenium/webdriver/remote/errorhandler.py:228: UnexpectedAlertPresentException",
    "steps" : [ {
      "name" : "Open the page https://app.todoist.com/auth/signup.",
      "time" : {
        "start" : 1735821726929,
        "stop" : 1735821727540,
        "duration" : 611
      },
      "status" : "passed",
      "steps" : [ ],
      "attachments" : [ ],
      "parameters" : [ ],
      "attachmentsCount" : 0,
      "shouldDisplayMessage" : false,
      "stepsCount" : 0,
      "hasContent" : false
    }, {
      "name" : "Verify that the page heading is \"Sign up\".",
      "time" : {
        "start" : 1735821727540,
        "stop" : 1735821728572,
        "duration" : 1032
      },
      "status" : "passed",
      "steps" : [ ],
      "attachments" : [ ],
      "parameters" : [ ],
      "attachmentsCount" : 0,
      "shouldDisplayMessage" : false,
      "stepsCount" : 0,
      "hasContent" : false
    }, {
      "name" : "Enter email into the \"Email\" field.",
      "time" : {
        "start" : 1735821728572,
        "stop" : 1735821728711,
        "duration" : 139
      },
      "status" : "passed",
      "steps" : [ ],
      "attachments" : [ ],
      "parameters" : [ {
        "name" : "email",
        "value" : "'michael42@example.org'"
      } ],
      "attachmentsCount" : 0,
      "shouldDisplayMessage" : false,
      "stepsCount" : 0,
      "hasContent" : true
    }, {
      "name" : "Enter password into the \"Password\" field.",
      "time" : {
        "start" : 1735821728711,
        "stop" : 1735821728817,
        "duration" : 106
      },
      "status" : "passed",
      "steps" : [ ],
      "attachments" : [ ],
      "parameters" : [ {
        "name" : "password",
        "value" : "'+3W#S(yt@5Dg'"
      } ],
      "attachmentsCount" : 0,
      "shouldDisplayMessage" : false,
      "stepsCount" : 0,
      "hasContent" : true
    }, {
      "name" : "Click on the \"Sign up with Email\" button.",
      "time" : {
        "start" : 1735821728817,
        "stop" : 1735821728887,
        "duration" : 70
      },
      "status" : "passed",
      "steps" : [ ],
      "attachments" : [ ],
      "parameters" : [ ],
      "attachmentsCount" : 0,
      "shouldDisplayMessage" : false,
      "stepsCount" : 0,
      "hasContent" : false
    }, {
      "name" : "Enter username into the \"Your name\" field.",
      "time" : {
        "start" : 1735821728887,
        "stop" : 1735821733481,
        "duration" : 4594
      },
      "status" : "passed",
      "steps" : [ ],
      "attachments" : [ ],
      "parameters" : [ {
        "name" : "username",
        "value" : "'Manuel'"
      } ],
      "attachmentsCount" : 0,
      "shouldDisplayMessage" : false,
      "stepsCount" : 0,
      "hasContent" : true
    }, {
      "name" : "Click on the \"Continue\" button.",
      "time" : {
        "start" : 1735821733482,
        "stop" : 1735821733974,
        "duration" : 492
      },
      "status" : "passed",
      "steps" : [ ],
      "attachments" : [ ],
      "parameters" : [ ],
      "attachmentsCount" : 0,
      "shouldDisplayMessage" : false,
      "stepsCount" : 0,
      "hasContent" : false
    }, {
      "name" : "Select \"Personal\" checkbox.",
      "time" : {
        "start" : 1735821733974,
        "stop" : 1735821734038,
        "duration" : 64
      },
      "status" : "passed",
      "steps" : [ ],
      "attachments" : [ ],
      "parameters" : [ ],
      "attachmentsCount" : 0,
      "shouldDisplayMessage" : false,
      "stepsCount" : 0,
      "hasContent" : false
    }, {
      "name" : "Select \"Education\" checkbox.",
      "time" : {
        "start" : 1735821734038,
        "stop" : 1735821734102,
        "duration" : 64
      },
      "status" : "passed",
      "steps" : [ ],
      "attachments" : [ ],
      "parameters" : [ ],
      "attachmentsCount" : 0,
      "shouldDisplayMessage" : false,
      "stepsCount" : 0,
      "hasContent" : false
    }, {
      "name" : "Click on the \"Launch Todoist\" button.",
      "time" : {
        "start" : 1735821734102,
        "stop" : 1735821735768,
        "duration" : 1666
      },
      "status" : "passed",
      "steps" : [ ],
      "attachments" : [ ],
      "parameters" : [ ],
      "attachmentsCount" : 0,
      "shouldDisplayMessage" : false,
      "stepsCount" : 0,
      "hasContent" : false
    }, {
      "name" : "Verify that the page with the URL https://app.todoist.com/app/today is opened.",
      "time" : {
        "start" : 1735821735768,
        "stop" : 1735821735792,
        "duration" : 24
      },
      "status" : "passed",
      "steps" : [ ],
      "attachments" : [ ],
      "parameters" : [ ],
      "attachmentsCount" : 0,
      "shouldDisplayMessage" : false,
      "stepsCount" : 0,
      "hasContent" : false
    }, {
      "name" : "Verify that the sidebar contains username.",
      "time" : {
        "start" : 1735821735792,
        "stop" : 1735821735822,
        "duration" : 30
      },
      "status" : "passed",
      "steps" : [ ],
      "attachments" : [ ],
      "parameters" : [ {
        "name" : "username",
        "value" : "'Manuel'"
      } ],
      "attachmentsCount" : 0,
      "shouldDisplayMessage" : false,
      "stepsCount" : 0,
      "hasContent" : true
    }, {
      "name" : "Postconditions: Delete the created account.",
      "time" : {
        "start" : 1735821735822,
        "stop" : 1735821740041,
        "duration" : 4219
      },
      "status" : "broken",
      "statusMessage" : "selenium.common.exceptions.UnexpectedAlertPresentException: Alert Text: {Alert text : \nMessage: unexpected alert open: {Alert text : }\n  (Session info: headless chrome=112.0.5615.165)\n\n",
      "statusTrace" : "  File \"/usr/workspace/tests/test_registration.py\", line 43, in test_registration\n    delete_account(email, password)\n  File \"/usr/workspace/conftest.py\", line 85, in delete\n    raise e\n  File \"/usr/workspace/conftest.py\", line 79, in delete\n    delete_management_page.enter_email(email)\n  File \"/usr/local/lib/python3.11/site-packages/allure_commons/_allure.py\", line 192, in impl\n    return func(*a, **kw)\n           ^^^^^^^^^^^^^^\n  File \"/usr/workspace/pages/profile_management_pages.py\", line 120, in enter_email\n    self.enter_text(self.TODOIST_EMAIL_FIELD, email)\n  File \"/usr/workspace/base/base_page.py\", line 24, in enter_text\n    element = self.wait.until(EC.element_to_be_clickable(locator))\n              ^^^^^^^^^^^^^^^^^^^^^^^^^^^^^^^^^^^^^^^^^^^^^^^^^^^^\n  File \"/usr/local/lib/python3.11/site-packages/selenium/webdriver/support/wait.py\", line 96, in until\n    value = method(self._driver)\n            ^^^^^^^^^^^^^^^^^^^^\n  File \"/usr/local/lib/python3.11/site-packages/selenium/webdriver/support/expected_conditions.py\", line 363, in _predicate\n    target = driver.find_element(*target)  # grab element at locator\n             ^^^^^^^^^^^^^^^^^^^^^^^^^^^^\n  File \"/usr/local/lib/python3.11/site-packages/selenium/webdriver/remote/webdriver.py\", line 766, in find_element\n    return self.execute(Command.FIND_ELEMENT, {\"using\": by, \"value\": value})[\"value\"]\n           ^^^^^^^^^^^^^^^^^^^^^^^^^^^^^^^^^^^^^^^^^^^^^^^^^^^^^^^^^^^^^^^^^\n  File \"/usr/local/lib/python3.11/site-packages/selenium/webdriver/remote/webdriver.py\", line 380, in execute\n    self.error_handler.check_response(response)\n  File \"/usr/local/lib/python3.11/site-packages/selenium/webdriver/remote/errorhandler.py\", line 228, in check_response\n    raise exception_class(message, screen, stacktrace, alert_text)  # type: ignore[call-arg]  # mypy is not smart enough here\n    ^^^^^^^^^^^^^^^^^^^^^^^^^^^^^^^^^^^^^^^^^^^^^^^^^^^^^^^^^^^^^^\n",
      "steps" : [ {
        "name" : "Open the page https://app.todoist.com/app/settings/account/delete.",
        "time" : {
          "start" : 1735821737822,
          "stop" : 1735821737826,
          "duration" : 4
        },
        "status" : "passed",
        "steps" : [ ],
        "attachments" : [ ],
        "parameters" : [ ],
        "attachmentsCount" : 0,
        "shouldDisplayMessage" : false,
        "stepsCount" : 0,
        "hasContent" : false
      }, {
        "name" : "Enter email into the \"Todoist email\" field.",
        "time" : {
          "start" : 1735821739826,
          "stop" : 1735821739829,
          "duration" : 3
        },
        "status" : "broken",
        "statusMessage" : "selenium.common.exceptions.UnexpectedAlertPresentException: Alert Text: {Alert text : \nMessage: unexpected alert open: {Alert text : }\n  (Session info: headless chrome=112.0.5615.165)\n\n",
        "statusTrace" : "  File \"/usr/local/lib/python3.11/site-packages/allure_commons/_allure.py\", line 192, in impl\n    return func(*a, **kw)\n           ^^^^^^^^^^^^^^\n  File \"/usr/workspace/pages/profile_management_pages.py\", line 120, in enter_email\n    self.enter_text(self.TODOIST_EMAIL_FIELD, email)\n  File \"/usr/workspace/base/base_page.py\", line 24, in enter_text\n    element = self.wait.until(EC.element_to_be_clickable(locator))\n              ^^^^^^^^^^^^^^^^^^^^^^^^^^^^^^^^^^^^^^^^^^^^^^^^^^^^\n  File \"/usr/local/lib/python3.11/site-packages/selenium/webdriver/support/wait.py\", line 96, in until\n    value = method(self._driver)\n            ^^^^^^^^^^^^^^^^^^^^\n  File \"/usr/local/lib/python3.11/site-packages/selenium/webdriver/support/expected_conditions.py\", line 363, in _predicate\n    target = driver.find_element(*target)  # grab element at locator\n             ^^^^^^^^^^^^^^^^^^^^^^^^^^^^\n  File \"/usr/local/lib/python3.11/site-packages/selenium/webdriver/remote/webdriver.py\", line 766, in find_element\n    return self.execute(Command.FIND_ELEMENT, {\"using\": by, \"value\": value})[\"value\"]\n           ^^^^^^^^^^^^^^^^^^^^^^^^^^^^^^^^^^^^^^^^^^^^^^^^^^^^^^^^^^^^^^^^^\n  File \"/usr/local/lib/python3.11/site-packages/selenium/webdriver/remote/webdriver.py\", line 380, in execute\n    self.error_handler.check_response(response)\n  File \"/usr/local/lib/python3.11/site-packages/selenium/webdriver/remote/errorhandler.py\", line 228, in check_response\n    raise exception_class(message, screen, stacktrace, alert_text)  # type: ignore[call-arg]  # mypy is not smart enough here\n    ^^^^^^^^^^^^^^^^^^^^^^^^^^^^^^^^^^^^^^^^^^^^^^^^^^^^^^^^^^^^^^\n",
        "steps" : [ ],
        "attachments" : [ ],
        "parameters" : [ {
          "name" : "email",
          "value" : "'michael42@example.org'"
        } ],
        "attachmentsCount" : 0,
        "shouldDisplayMessage" : true,
        "stepsCount" : 0,
        "hasContent" : true
      } ],
      "attachments" : [ {
        "uid" : "595b9ddf1e3cb415",
        "name" : "Account Deletion Failed",
        "source" : "595b9ddf1e3cb415.png",
        "type" : "image/png",
        "size" : 76907
      } ],
      "parameters" : [ ],
      "attachmentsCount" : 1,
      "shouldDisplayMessage" : false,
      "stepsCount" : 2,
      "hasContent" : true
    } ],
    "attachments" : [ ],
    "parameters" : [ ],
    "attachmentsCount" : 1,
    "shouldDisplayMessage" : true,
    "stepsCount" : 15,
    "hasContent" : true
  },
  "afterStages" : [ {
    "name" : "driver::0",
    "time" : {
      "start" : 1735821740114,
      "stop" : 1735821740114,
      "duration" : 0
    },
    "status" : "passed",
    "steps" : [ ],
    "attachments" : [ ],
    "parameters" : [ ],
    "attachmentsCount" : 0,
    "shouldDisplayMessage" : false,
    "stepsCount" : 0,
    "hasContent" : false
  } ],
  "labels" : [ {
    "name" : "severity",
    "value" : "critical"
  }, {
    "name" : "feature",
    "value" : "Registration"
  }, {
    "name" : "tag",
    "value" : "regression"
  }, {
    "name" : "tag",
    "value" : "order(1)"
  }, {
    "name" : "parentSuite",
    "value" : "tests"
  }, {
    "name" : "suite",
    "value" : "test_registration"
  }, {
    "name" : "subSuite",
    "value" : "TestRegistration"
  }, {
    "name" : "host",
    "value" : "a05514caf507"
  }, {
    "name" : "thread",
    "value" : "1-MainThread"
  }, {
    "name" : "framework",
    "value" : "pytest"
  }, {
    "name" : "language",
    "value" : "cpython3"
  }, {
    "name" : "package",
    "value" : "tests.test_registration"
  }, {
    "name" : "resultFormat",
    "value" : "allure2"
  } ],
  "parameters" : [ ],
  "links" : [ ],
  "hidden" : false,
  "retry" : false,
  "extra" : {
    "severity" : "critical",
    "retries" : [ ],
    "categories" : [ {
      "name" : "Test defects",
      "matchedStatuses" : [ ],
      "flaky" : false
    } ],
    "history" : {
      "statistic" : {
        "failed" : 0,
        "broken" : 1,
        "skipped" : 0,
        "passed" : 1,
        "unknown" : 0,
        "total" : 2
      },
      "items" : [ {
        "uid" : "f7abe027597891b0",
        "status" : "passed",
        "time" : {
          "start" : 1735333363742,
          "stop" : 1735333382787,
          "duration" : 19045
        }
      } ]
    },
    "tags" : [ "order(1)", "regression" ]
  },
  "source" : "3375baa6eefa551f.json",
  "parameterValues" : [ ]
}