{
  "uid" : "4413bcdaa7e629d8",
  "name" : "TC34: Successful filtering for a task by its label.",
  "fullName" : "tests.test_task_filtering.TestTaskFiltering#test_task_filtering_by_label",
  "historyId" : "8c05019388895baec9d3b6438afb7f42",
  "time" : {
    "start" : 1735822250012,
    "stop" : 1735822250012,
    "duration" : 0
  },
  "description" : "\n    This test verifies that a user can successfully filter tasks by their label, ensuring the filtered tasks match the specified label and display correctly in the task list.\n    ",
  "descriptionHtml" : "<pre><code>This test verifies that a user can successfully filter tasks by their label, ensuring the filtered tasks match the specified label and display correctly in the task list.\n</code></pre>\n",
  "status" : "broken",
  "statusMessage" : "selenium.common.exceptions.TimeoutException: Message: The task with name \"May assume ability conference space training.\" was not found in the task list.",
  "statusTrace" : "self = <pages.home_page.HomePage object at 0x7f5eaee8fb10>\ntask_name = 'May assume ability conference space training.'\n\n    @allure.step(\"Verify that the task list contains the task.\")\n    def is_task_list_contains_task(self, task_name):\n        task_locator = (\"xpath\", f\"//div[@class='list_holder']//div[text()='{task_name}']\")\n        try:\n>           self.wait_for_visibility(task_locator)\n\npages/home_page.py:78: \n_ _ _ _ _ _ _ _ _ _ _ _ _ _ _ _ _ _ _ _ _ _ _ _ _ _ _ _ _ _ _ _ _ _ _ _ _ _ _ _ \nbase/base_page.py:29: in wait_for_visibility\n    return self.wait.until(EC.visibility_of_element_located(locator), timeout)\n_ _ _ _ _ _ _ _ _ _ _ _ _ _ _ _ _ _ _ _ _ _ _ _ _ _ _ _ _ _ _ _ _ _ _ _ _ _ _ _ \n\nself = <selenium.webdriver.support.wait.WebDriverWait (session=\"ba61bc933e55dde66a84c6dacfd81265\")>\nmethod = <function visibility_of_element_located.<locals>._predicate at 0x7f5eb23cd440>\nmessage = 10\n\n    def until(self, method: Callable[[D], Union[Literal[False], T]], message: str = \"\") -> T:\n        \"\"\"Calls the method provided with the driver as an argument until the \\\n        return value does not evaluate to ``False``.\n    \n        :param method: callable(WebDriver)\n        :param message: optional message for :exc:`TimeoutException`\n        :returns: the result of the last call to `method`\n        :raises: :exc:`selenium.common.exceptions.TimeoutException` if timeout occurs\n        \"\"\"\n        screen = None\n        stacktrace = None\n    \n        end_time = time.monotonic() + self._timeout\n        while True:\n            try:\n                value = method(self._driver)\n                if value:\n                    return value\n            except self._ignored_exceptions as exc:\n                screen = getattr(exc, \"screen\", None)\n                stacktrace = getattr(exc, \"stacktrace\", None)\n            if time.monotonic() > end_time:\n                break\n            time.sleep(self._poll)\n>       raise TimeoutException(message, screen, stacktrace)\nE       selenium.common.exceptions.TimeoutException: Message: 10\n\n../local/lib/python3.11/site-packages/selenium/webdriver/support/wait.py:105: TimeoutException\n\nDuring handling of the above exception, another exception occurred:\n\ndriver = <selenium.webdriver.chrome.webdriver.WebDriver (session=\"ba61bc933e55dde66a84c6dacfd81265\")>\n\n    @pytest.fixture(scope=\"function\")\n    def create_task(driver):\n        home_page = HomePage(driver)\n        fake = FakeDataGenerator()\n        task_name = fake.task_name\n        task_description = fake.task_description\n        task_priority = random.randint(1, 4)\n        try:\n            home_page.click_add_task_button()\n            home_page.enter_task_name(task_name)\n            home_page.enter_description(task_description)\n            home_page.set_task_priority(task_priority)\n            home_page.click_submit_add_task_button()\n            home_page.is_task_list_contains_task(task_name)\n            return task_name, task_description, task_priority\n        except Exception as e:\n            take_screenshot(driver, \"Task Creation Failed\")\n>           raise e\n\nconftest.py:106: \n_ _ _ _ _ _ _ _ _ _ _ _ _ _ _ _ _ _ _ _ _ _ _ _ _ _ _ _ _ _ _ _ _ _ _ _ _ _ _ _ \nconftest.py:102: in create_task\n    home_page.is_task_list_contains_task(task_name)\n_ _ _ _ _ _ _ _ _ _ _ _ _ _ _ _ _ _ _ _ _ _ _ _ _ _ _ _ _ _ _ _ _ _ _ _ _ _ _ _ \n\nself = <pages.home_page.HomePage object at 0x7f5eaee8fb10>\ntask_name = 'May assume ability conference space training.'\n\n    @allure.step(\"Verify that the task list contains the task.\")\n    def is_task_list_contains_task(self, task_name):\n        task_locator = (\"xpath\", f\"//div[@class='list_holder']//div[text()='{task_name}']\")\n        try:\n            self.wait_for_visibility(task_locator)\n        except:\n>           raise TimeoutException(f\"The task with name \\\"{task_name}\\\" was not found in the task list.\")\nE           selenium.common.exceptions.TimeoutException: Message: The task with name \"May assume ability conference space training.\" was not found in the task list.\n\npages/home_page.py:80: TimeoutException",
  "flaky" : false,
  "newFailed" : false,
  "beforeStages" : [ {
    "name" : "login",
    "time" : {
      "start" : 1735822250396,
      "stop" : 1735822255345,
      "duration" : 4949
    },
    "status" : "passed",
    "steps" : [ {
      "name" : "Open the page https://app.todoist.com/auth/login.",
      "time" : {
        "start" : 1735822250396,
        "stop" : 1735822251032,
        "duration" : 636
      },
      "status" : "passed",
      "steps" : [ ],
      "attachments" : [ ],
      "parameters" : [ ],
      "attachmentsCount" : 0,
      "shouldDisplayMessage" : false,
      "stepsCount" : 0,
      "hasContent" : false
    }, {
      "name" : "Enter email into the \"Email\" field.",
      "time" : {
        "start" : 1735822251032,
        "stop" : 1735822252168,
        "duration" : 1136
      },
      "status" : "passed",
      "steps" : [ ],
      "attachments" : [ ],
      "parameters" : [ {
        "name" : "email",
        "value" : "'seb.bell@ymail.com'"
      } ],
      "attachmentsCount" : 0,
      "shouldDisplayMessage" : false,
      "stepsCount" : 0,
      "hasContent" : true
    }, {
      "name" : "Enter password into the \"Password\" field.",
      "time" : {
        "start" : 1735822252168,
        "stop" : 1735822252278,
        "duration" : 110
      },
      "status" : "passed",
      "steps" : [ ],
      "attachments" : [ ],
      "parameters" : [ {
        "name" : "password",
        "value" : "'h28cnTtBfH3m'"
      } ],
      "attachmentsCount" : 0,
      "shouldDisplayMessage" : false,
      "stepsCount" : 0,
      "hasContent" : true
    }, {
      "name" : "Click on the \"Log in\" button.",
      "time" : {
        "start" : 1735822252278,
        "stop" : 1735822252354,
        "duration" : 76
      },
      "status" : "passed",
      "steps" : [ ],
      "attachments" : [ ],
      "parameters" : [ ],
      "attachmentsCount" : 0,
      "shouldDisplayMessage" : false,
      "stepsCount" : 0,
      "hasContent" : false
    }, {
      "name" : "Verify that the page with the URL https://app.todoist.com/app/today is opened.",
      "time" : {
        "start" : 1735822252354,
        "stop" : 1735822255345,
        "duration" : 2991
      },
      "status" : "passed",
      "steps" : [ ],
      "attachments" : [ ],
      "parameters" : [ ],
      "attachmentsCount" : 0,
      "shouldDisplayMessage" : false,
      "stepsCount" : 0,
      "hasContent" : false
    } ],
    "attachments" : [ ],
    "parameters" : [ ],
    "attachmentsCount" : 0,
    "shouldDisplayMessage" : false,
    "stepsCount" : 5,
    "hasContent" : true
  }, {
    "name" : "setup",
    "time" : {
      "start" : 1735822250343,
      "stop" : 1735822250396,
      "duration" : 53
    },
    "status" : "passed",
    "steps" : [ ],
    "attachments" : [ ],
    "parameters" : [ ],
    "attachmentsCount" : 0,
    "shouldDisplayMessage" : false,
    "stepsCount" : 0,
    "hasContent" : false
  }, {
    "name" : "_session_faker",
    "time" : {
      "start" : 1735821726483,
      "stop" : 1735821726549,
      "duration" : 66
    },
    "status" : "passed",
    "steps" : [ ],
    "attachments" : [ ],
    "parameters" : [ ],
    "attachmentsCount" : 0,
    "shouldDisplayMessage" : false,
    "stepsCount" : 0,
    "hasContent" : false
  }, {
    "name" : "create_task",
    "time" : {
      "start" : 1735822255345,
      "stop" : 1735822274223,
      "duration" : 18878
    },
    "status" : "broken",
    "statusMessage" : "selenium.common.exceptions.TimeoutException: Message: The task with name \"May assume ability conference space training.\" was not found in the task list.\n\n",
    "statusTrace" : "  File \"/usr/local/lib/python3.11/site-packages/pluggy/_callers.py\", line 167, in _multicall\n    teardown.throw(outcome._exception)\n  File \"/usr/local/lib/python3.11/site-packages/_pytest/setuponly.py\", line 36, in pytest_fixture_setup\n    return (yield)\n            ^^^^^\n  File \"/usr/local/lib/python3.11/site-packages/pluggy/_callers.py\", line 103, in _multicall\n    res = hook_impl.function(*args)\n          ^^^^^^^^^^^^^^^^^^^^^^^^^\n  File \"/usr/local/lib/python3.11/site-packages/_pytest/fixtures.py\", line 1140, in pytest_fixture_setup\n    result = call_fixture_func(fixturefunc, request, kwargs)\n             ^^^^^^^^^^^^^^^^^^^^^^^^^^^^^^^^^^^^^^^^^^^^^^^\n  File \"/usr/local/lib/python3.11/site-packages/_pytest/fixtures.py\", line 898, in call_fixture_func\n    fixture_result = fixturefunc(**kwargs)\n                     ^^^^^^^^^^^^^^^^^^^^^\n  File \"/usr/workspace/conftest.py\", line 106, in create_task\n    raise e\n  File \"/usr/workspace/conftest.py\", line 102, in create_task\n    home_page.is_task_list_contains_task(task_name)\n  File \"/usr/local/lib/python3.11/site-packages/allure_commons/_allure.py\", line 192, in impl\n    return func(*a, **kw)\n           ^^^^^^^^^^^^^^\n  File \"/usr/workspace/pages/home_page.py\", line 80, in is_task_list_contains_task\n    raise TimeoutException(f\"The task with name \\\"{task_name}\\\" was not found in the task list.\")\n",
    "steps" : [ {
      "name" : "Click on the \"Add task\" button.",
      "time" : {
        "start" : 1735822255348,
        "stop" : 1735822256195,
        "duration" : 847
      },
      "status" : "passed",
      "steps" : [ ],
      "attachments" : [ ],
      "parameters" : [ ],
      "attachmentsCount" : 0,
      "shouldDisplayMessage" : false,
      "stepsCount" : 0,
      "hasContent" : false
    }, {
      "name" : "Enter task name into the \"Task name\" field.",
      "time" : {
        "start" : 1735822256195,
        "stop" : 1735822257041,
        "duration" : 846
      },
      "status" : "passed",
      "steps" : [ ],
      "attachments" : [ ],
      "parameters" : [ {
        "name" : "task_name",
        "value" : "'May assume ability conference space training.'"
      } ],
      "attachmentsCount" : 0,
      "shouldDisplayMessage" : false,
      "stepsCount" : 0,
      "hasContent" : true
    }, {
      "name" : "Enter description into the \"Description\" field.",
      "time" : {
        "start" : 1735822257041,
        "stop" : 1735822257719,
        "duration" : 678
      },
      "status" : "passed",
      "steps" : [ ],
      "attachments" : [ ],
      "parameters" : [ {
        "name" : "task_description",
        "value" : "'Grow page performance cost recognize too include customer. Play next simple west entire market position onto. Win local article other try federal.'"
      } ],
      "attachmentsCount" : 0,
      "shouldDisplayMessage" : false,
      "stepsCount" : 0,
      "hasContent" : true
    }, {
      "name" : "Set the task's Priority.",
      "time" : {
        "start" : 1735822257719,
        "stop" : 1735822257891,
        "duration" : 172
      },
      "status" : "passed",
      "steps" : [ ],
      "attachments" : [ ],
      "parameters" : [ {
        "name" : "task_priority",
        "value" : "2"
      } ],
      "attachmentsCount" : 0,
      "shouldDisplayMessage" : false,
      "stepsCount" : 0,
      "hasContent" : true
    }, {
      "name" : "Click on the submit \"Add task\" button.",
      "time" : {
        "start" : 1735822257891,
        "stop" : 1735822258985,
        "duration" : 1094
      },
      "status" : "passed",
      "steps" : [ ],
      "attachments" : [ ],
      "parameters" : [ ],
      "attachmentsCount" : 0,
      "shouldDisplayMessage" : false,
      "stepsCount" : 0,
      "hasContent" : false
    }, {
      "name" : "Verify that the task list contains the task.",
      "time" : {
        "start" : 1735822258985,
        "stop" : 1735822274083,
        "duration" : 15098
      },
      "status" : "broken",
      "statusMessage" : "selenium.common.exceptions.TimeoutException: Message: The task with name \"May assume ability conference space training.\" was not found in the task list.\n\n",
      "statusTrace" : "  File \"/usr/local/lib/python3.11/site-packages/allure_commons/_allure.py\", line 192, in impl\n    return func(*a, **kw)\n           ^^^^^^^^^^^^^^\n  File \"/usr/workspace/pages/home_page.py\", line 80, in is_task_list_contains_task\n    raise TimeoutException(f\"The task with name \\\"{task_name}\\\" was not found in the task list.\")\n",
      "steps" : [ ],
      "attachments" : [ ],
      "parameters" : [ {
        "name" : "task_name",
        "value" : "'May assume ability conference space training.'"
      } ],
      "attachmentsCount" : 0,
      "shouldDisplayMessage" : true,
      "stepsCount" : 0,
      "hasContent" : true
    } ],
    "attachments" : [ {
      "uid" : "eddd99f2ccbc29a0",
      "name" : "Task Creation Failed",
      "source" : "eddd99f2ccbc29a0.png",
      "type" : "image/png",
      "size" : 92227
    } ],
    "parameters" : [ ],
    "attachmentsCount" : 1,
    "shouldDisplayMessage" : false,
    "stepsCount" : 6,
    "hasContent" : true
  }, {
    "name" : "driver",
    "time" : {
      "start" : 1735822250012,
      "stop" : 1735822250343,
      "duration" : 331
    },
    "status" : "passed",
    "steps" : [ ],
    "attachments" : [ ],
    "parameters" : [ ],
    "attachmentsCount" : 0,
    "shouldDisplayMessage" : false,
    "stepsCount" : 0,
    "hasContent" : false
  }, {
    "name" : "delete_task",
    "time" : {
      "start" : 1735822283330,
      "stop" : 1735822283330,
      "duration" : 0
    },
    "status" : "passed",
    "steps" : [ ],
    "attachments" : [ ],
    "parameters" : [ ],
    "attachmentsCount" : 0,
    "shouldDisplayMessage" : false,
    "stepsCount" : 0,
    "hasContent" : false
  } ],
  "afterStages" : [ {
    "name" : "driver::0",
    "time" : {
      "start" : 1735822274239,
      "stop" : 1735822274239,
      "duration" : 0
    },
    "status" : "passed",
    "steps" : [ ],
    "attachments" : [ ],
    "parameters" : [ ],
    "attachmentsCount" : 0,
    "shouldDisplayMessage" : false,
    "stepsCount" : 0,
    "hasContent" : false
  } ],
  "labels" : [ {
    "name" : "feature",
    "value" : "Task Filtering"
  }, {
    "name" : "severity",
    "value" : "minor"
  }, {
    "name" : "tag",
    "value" : "regression"
  }, {
    "name" : "tag",
    "value" : "order(34)"
  }, {
    "name" : "parentSuite",
    "value" : "tests"
  }, {
    "name" : "suite",
    "value" : "test_task_filtering"
  }, {
    "name" : "subSuite",
    "value" : "TestTaskFiltering"
  }, {
    "name" : "host",
    "value" : "a05514caf507"
  }, {
    "name" : "thread",
    "value" : "1-MainThread"
  }, {
    "name" : "framework",
    "value" : "pytest"
  }, {
    "name" : "language",
    "value" : "cpython3"
  }, {
    "name" : "package",
    "value" : "tests.test_task_filtering"
  }, {
    "name" : "resultFormat",
    "value" : "allure2"
  } ],
  "parameters" : [ ],
  "links" : [ ],
  "hidden" : false,
  "retry" : false,
  "extra" : {
    "severity" : "minor",
    "retries" : [ ],
    "categories" : [ {
      "name" : "Test defects",
      "matchedStatuses" : [ ],
      "flaky" : false
    } ],
    "history" : {
      "statistic" : {
        "failed" : 0,
        "broken" : 1,
        "skipped" : 0,
        "passed" : 1,
        "unknown" : 0,
        "total" : 2
      },
      "items" : [ {
        "uid" : "3edcbc08cb5df45e",
        "status" : "passed",
        "time" : {
          "start" : 1735334070394,
          "stop" : 1735334077596,
          "duration" : 7202
        }
      } ]
    },
    "tags" : [ "regression", "order(34)" ]
  },
  "source" : "4413bcdaa7e629d8.json",
  "parameterValues" : [ ]
}