{
  "uid" : "5f3e6ec7a53dd4be",
  "name" : "TC30: Successful task moving on Board.",
  "fullName" : "tests.test_projects_management.TestProjectsManagement#test_task_moving_on_board",
  "historyId" : "cb80d095aa0d0b1b466ba7a23be24512",
  "time" : {
    "start" : 1735912757219,
    "stop" : 1735912757219,
    "duration" : 0
  },
  "description" : "\n    This test verifies that a user can successfully move a task from one column to another on the Board, ensuring the task's position is updated correctly and persists after a page refresh.\n    ",
  "descriptionHtml" : "<pre><code>This test verifies that a user can successfully move a task from one column to another on the Board, ensuring the task's position is updated correctly and persists after a page refresh.\n</code></pre>\n",
  "status" : "broken",
  "statusMessage" : "selenium.common.exceptions.StaleElementReferenceException: Message: stale element reference: element is not attached to the page document\n  (Session info: headless chrome=112.0.5615.165); For documentation on this error, please visit: https://www.selenium.dev/documentation/webdriver/troubleshooting/errors#stale-element-reference-exception",
  "statusTrace" : "driver = <selenium.webdriver.chrome.webdriver.WebDriver (session=\"d71be1efaf17a8b0dc380649a328cdae\")>\n\n    @pytest.fixture(scope=\"function\")\n    def create_task_board(driver):\n        projects_page = ProjectsPage(driver)\n        fake = FakeDataGenerator()\n        first_section = \"To Do\"\n        second_section = \"In Progress\"\n        third_section = \"Done\"\n        project_name = fake.project_name\n        try:\n            projects_page.click_my_projects_button()\n            projects_page.click_my_projects_menu_button()\n            projects_page.click_add_project_button()\n            projects_page.enter_project_name(project_name)\n            projects_page.choose_board()\n            projects_page.click_add_button()\n            projects_page.enter_section_name(first_section)\n            projects_page.click_confirm_add_section_button()\n            projects_page.click_add_section_button()\n            projects_page.enter_section_name(second_section)\n            projects_page.click_confirm_add_section_button()\n            projects_page.click_add_section_button()\n            projects_page.enter_section_name(third_section)\n            projects_page.click_confirm_add_section_button()\n            return project_name, first_section, second_section, third_section\n        except Exception as e:\n            take_screenshot(driver, \"Task Board Creation Failed\")\n>           raise e\n\nconftest.py:173: \n_ _ _ _ _ _ _ _ _ _ _ _ _ _ _ _ _ _ _ _ _ _ _ _ _ _ _ _ _ _ _ _ _ _ _ _ _ _ _ _ \nconftest.py:162: in create_task_board\n    projects_page.enter_section_name(first_section)\npages/projects_page.py:78: in enter_section_name\n    self.enter_text(self.NAME_THIS_SECTION_FIELD, section_name)\nbase/base_page.py:26: in enter_text\n    element.send_keys(text)\n../local/lib/python3.11/site-packages/selenium/webdriver/remote/webelement.py:231: in send_keys\n    self._execute(\n../local/lib/python3.11/site-packages/selenium/webdriver/remote/webelement.py:395: in _execute\n    return self._parent.execute(command, params)\n../local/lib/python3.11/site-packages/selenium/webdriver/remote/webdriver.py:380: in execute\n    self.error_handler.check_response(response)\n_ _ _ _ _ _ _ _ _ _ _ _ _ _ _ _ _ _ _ _ _ _ _ _ _ _ _ _ _ _ _ _ _ _ _ _ _ _ _ _ \n\nself = <selenium.webdriver.remote.errorhandler.ErrorHandler object at 0x7f36dac96090>\nresponse = {'status': 404, 'value': '{\"value\":{\"error\":\"stale element reference\",\"message\":\"stale element reference: element is not attached to the page document\\\\n  (Session info: headless chrome=112.0.5615.165)\",\"stacktrace\":\"\"}}'}\n\n    def check_response(self, response: Dict[str, Any]) -> None:\n        \"\"\"Checks that a JSON response from the WebDriver does not have an\n        error.\n    \n        :Args:\n         - response - The JSON response from the WebDriver server as a dictionary\n           object.\n    \n        :Raises: If the response contains an error message.\n        \"\"\"\n        status = response.get(\"status\", None)\n        if not status or status == ErrorCode.SUCCESS:\n            return\n        value = None\n        message = response.get(\"message\", \"\")\n        screen: str = response.get(\"screen\", \"\")\n        stacktrace = None\n        if isinstance(status, int):\n            value_json = response.get(\"value\", None)\n            if value_json and isinstance(value_json, str):\n                import json\n    \n                try:\n                    value = json.loads(value_json)\n                    if len(value) == 1:\n                        value = value[\"value\"]\n                    status = value.get(\"error\", None)\n                    if not status:\n                        status = value.get(\"status\", ErrorCode.UNKNOWN_ERROR)\n                        message = value.get(\"value\") or value.get(\"message\")\n                        if not isinstance(message, str):\n                            value = message\n                            message = message.get(\"message\")\n                    else:\n                        message = value.get(\"message\", None)\n                except ValueError:\n                    pass\n    \n        exception_class: Type[WebDriverException]\n        e = ErrorCode()\n        error_codes = [item for item in dir(e) if not item.startswith(\"__\")]\n        for error_code in error_codes:\n            error_info = getattr(ErrorCode, error_code)\n            if isinstance(error_info, list) and status in error_info:\n                exception_class = getattr(ExceptionMapping, error_code, WebDriverException)\n                break\n        else:\n            exception_class = WebDriverException\n    \n        if not value:\n            value = response[\"value\"]\n        if isinstance(value, str):\n            raise exception_class(value)\n        if message == \"\" and \"message\" in value:\n            message = value[\"message\"]\n    \n        screen = None  # type: ignore[assignment]\n        if \"screen\" in value:\n            screen = value[\"screen\"]\n    \n        stacktrace = None\n        st_value = value.get(\"stackTrace\") or value.get(\"stacktrace\")\n        if st_value:\n            if isinstance(st_value, str):\n                stacktrace = st_value.split(\"\\n\")\n            else:\n                stacktrace = []\n                try:\n                    for frame in st_value:\n                        line = frame.get(\"lineNumber\", \"\")\n                        file = frame.get(\"fileName\", \"<anonymous>\")\n                        if line:\n                            file = f\"{file}:{line}\"\n                        meth = frame.get(\"methodName\", \"<anonymous>\")\n                        if \"className\" in frame:\n                            meth = f\"{frame['className']}.{meth}\"\n                        msg = \"    at %s (%s)\"\n                        msg = msg % (meth, file)\n                        stacktrace.append(msg)\n                except TypeError:\n                    pass\n        if exception_class == UnexpectedAlertPresentException:\n            alert_text = None\n            if \"data\" in value:\n                alert_text = value[\"data\"].get(\"text\")\n            elif \"alert\" in value:\n                alert_text = value[\"alert\"].get(\"text\")\n            raise exception_class(message, screen, stacktrace, alert_text)  # type: ignore[call-arg]  # mypy is not smart enough here\n>       raise exception_class(message, screen, stacktrace)\nE       selenium.common.exceptions.StaleElementReferenceException: Message: stale element reference: element is not attached to the page document\nE         (Session info: headless chrome=112.0.5615.165); For documentation on this error, please visit: https://www.selenium.dev/documentation/webdriver/troubleshooting/errors#stale-element-reference-exception\n\n../local/lib/python3.11/site-packages/selenium/webdriver/remote/errorhandler.py:229: StaleElementReferenceException",
  "flaky" : false,
  "newFailed" : false,
  "beforeStages" : [ {
    "name" : "create_account",
    "time" : {
      "start" : 1735912757686,
      "stop" : 1735912766834,
      "duration" : 9148
    },
    "status" : "passed",
    "steps" : [ {
      "name" : "Open the page https://app.todoist.com/auth/signup.",
      "time" : {
        "start" : 1735912757688,
        "stop" : 1735912758381,
        "duration" : 693
      },
      "status" : "passed",
      "steps" : [ ],
      "attachments" : [ ],
      "parameters" : [ ],
      "attachmentsCount" : 0,
      "shouldDisplayMessage" : false,
      "stepsCount" : 0,
      "hasContent" : false
    }, {
      "name" : "Enter email into the \"Email\" field.",
      "time" : {
        "start" : 1735912758381,
        "stop" : 1735912759536,
        "duration" : 1155
      },
      "status" : "passed",
      "steps" : [ ],
      "attachments" : [ ],
      "parameters" : [ {
        "name" : "email",
        "value" : "'toddgomez@example.com'"
      } ],
      "attachmentsCount" : 0,
      "shouldDisplayMessage" : false,
      "stepsCount" : 0,
      "hasContent" : true
    }, {
      "name" : "Enter password into the \"Password\" field.",
      "time" : {
        "start" : 1735912759536,
        "stop" : 1735912759645,
        "duration" : 109
      },
      "status" : "passed",
      "steps" : [ ],
      "attachments" : [ ],
      "parameters" : [ {
        "name" : "password",
        "value" : "'uX9#n0ZzxnRU'"
      } ],
      "attachmentsCount" : 0,
      "shouldDisplayMessage" : false,
      "stepsCount" : 0,
      "hasContent" : true
    }, {
      "name" : "Click on the \"Sign up with Email\" button.",
      "time" : {
        "start" : 1735912759645,
        "stop" : 1735912759717,
        "duration" : 72
      },
      "status" : "passed",
      "steps" : [ ],
      "attachments" : [ ],
      "parameters" : [ ],
      "attachmentsCount" : 0,
      "shouldDisplayMessage" : false,
      "stepsCount" : 0,
      "hasContent" : false
    }, {
      "name" : "Enter username into the \"Your name\" field.",
      "time" : {
        "start" : 1735912759717,
        "stop" : 1735912764684,
        "duration" : 4967
      },
      "status" : "passed",
      "steps" : [ ],
      "attachments" : [ ],
      "parameters" : [ {
        "name" : "username",
        "value" : "'Kristina'"
      } ],
      "attachmentsCount" : 0,
      "shouldDisplayMessage" : false,
      "stepsCount" : 0,
      "hasContent" : true
    }, {
      "name" : "Click on the \"Continue\" button.",
      "time" : {
        "start" : 1735912764685,
        "stop" : 1735912765114,
        "duration" : 429
      },
      "status" : "passed",
      "steps" : [ ],
      "attachments" : [ ],
      "parameters" : [ ],
      "attachmentsCount" : 0,
      "shouldDisplayMessage" : false,
      "stepsCount" : 0,
      "hasContent" : false
    }, {
      "name" : "Select \"Personal\" checkbox.",
      "time" : {
        "start" : 1735912765114,
        "stop" : 1735912765191,
        "duration" : 77
      },
      "status" : "passed",
      "steps" : [ ],
      "attachments" : [ ],
      "parameters" : [ ],
      "attachmentsCount" : 0,
      "shouldDisplayMessage" : false,
      "stepsCount" : 0,
      "hasContent" : false
    }, {
      "name" : "Click on the \"Launch Todoist\" button.",
      "time" : {
        "start" : 1735912765191,
        "stop" : 1735912766800,
        "duration" : 1609
      },
      "status" : "passed",
      "steps" : [ ],
      "attachments" : [ ],
      "parameters" : [ ],
      "attachmentsCount" : 0,
      "shouldDisplayMessage" : false,
      "stepsCount" : 0,
      "hasContent" : false
    }, {
      "name" : "Verify that the page with the URL https://app.todoist.com/app/today is opened.",
      "time" : {
        "start" : 1735912766800,
        "stop" : 1735912766834,
        "duration" : 34
      },
      "status" : "passed",
      "steps" : [ ],
      "attachments" : [ ],
      "parameters" : [ ],
      "attachmentsCount" : 0,
      "shouldDisplayMessage" : false,
      "stepsCount" : 0,
      "hasContent" : false
    } ],
    "attachments" : [ ],
    "parameters" : [ ],
    "attachmentsCount" : 0,
    "shouldDisplayMessage" : false,
    "stepsCount" : 9,
    "hasContent" : true
  }, {
    "name" : "driver",
    "time" : {
      "start" : 1735912757219,
      "stop" : 1735912757633,
      "duration" : 414
    },
    "status" : "passed",
    "steps" : [ ],
    "attachments" : [ ],
    "parameters" : [ ],
    "attachmentsCount" : 0,
    "shouldDisplayMessage" : false,
    "stepsCount" : 0,
    "hasContent" : false
  }, {
    "name" : "_session_faker",
    "time" : {
      "start" : 1735912313193,
      "stop" : 1735912313257,
      "duration" : 64
    },
    "status" : "passed",
    "steps" : [ ],
    "attachments" : [ ],
    "parameters" : [ ],
    "attachmentsCount" : 0,
    "shouldDisplayMessage" : false,
    "stepsCount" : 0,
    "hasContent" : false
  }, {
    "name" : "create_task_board",
    "time" : {
      "start" : 1735912766834,
      "stop" : 1735912769258,
      "duration" : 2424
    },
    "status" : "broken",
    "statusMessage" : "selenium.common.exceptions.StaleElementReferenceException: Message: stale element reference: element is not attached to the page document\n  (Session info: headless chrome=112.0.5615.165); For documentation on this error, please visit: https://www.selenium.dev/documentation/webdriver/troubleshooting/errors#stale-element-reference-exception\n\n",
    "statusTrace" : "  File \"/usr/local/lib/python3.11/site-packages/pluggy/_callers.py\", line 167, in _multicall\n    teardown.throw(outcome._exception)\n  File \"/usr/local/lib/python3.11/site-packages/_pytest/setuponly.py\", line 36, in pytest_fixture_setup\n    return (yield)\n            ^^^^^\n  File \"/usr/local/lib/python3.11/site-packages/pluggy/_callers.py\", line 103, in _multicall\n    res = hook_impl.function(*args)\n          ^^^^^^^^^^^^^^^^^^^^^^^^^\n  File \"/usr/local/lib/python3.11/site-packages/_pytest/fixtures.py\", line 1140, in pytest_fixture_setup\n    result = call_fixture_func(fixturefunc, request, kwargs)\n             ^^^^^^^^^^^^^^^^^^^^^^^^^^^^^^^^^^^^^^^^^^^^^^^\n  File \"/usr/local/lib/python3.11/site-packages/_pytest/fixtures.py\", line 898, in call_fixture_func\n    fixture_result = fixturefunc(**kwargs)\n                     ^^^^^^^^^^^^^^^^^^^^^\n  File \"/usr/workspace/conftest.py\", line 173, in create_task_board\n    raise e\n  File \"/usr/workspace/conftest.py\", line 162, in create_task_board\n    projects_page.enter_section_name(first_section)\n  File \"/usr/local/lib/python3.11/site-packages/allure_commons/_allure.py\", line 192, in impl\n    return func(*a, **kw)\n           ^^^^^^^^^^^^^^\n  File \"/usr/workspace/pages/projects_page.py\", line 78, in enter_section_name\n    self.enter_text(self.NAME_THIS_SECTION_FIELD, section_name)\n  File \"/usr/workspace/base/base_page.py\", line 26, in enter_text\n    element.send_keys(text)\n  File \"/usr/local/lib/python3.11/site-packages/selenium/webdriver/remote/webelement.py\", line 231, in send_keys\n    self._execute(\n  File \"/usr/local/lib/python3.11/site-packages/selenium/webdriver/remote/webelement.py\", line 395, in _execute\n    return self._parent.execute(command, params)\n           ^^^^^^^^^^^^^^^^^^^^^^^^^^^^^^^^^^^^^\n  File \"/usr/local/lib/python3.11/site-packages/selenium/webdriver/remote/webdriver.py\", line 380, in execute\n    self.error_handler.check_response(response)\n  File \"/usr/local/lib/python3.11/site-packages/selenium/webdriver/remote/errorhandler.py\", line 229, in check_response\n    raise exception_class(message, screen, stacktrace)\n",
    "steps" : [ {
      "name" : "Click on the \"My Projects\" button.",
      "time" : {
        "start" : 1735912766836,
        "stop" : 1735912767029,
        "duration" : 193
      },
      "status" : "passed",
      "steps" : [ ],
      "attachments" : [ ],
      "parameters" : [ ],
      "attachmentsCount" : 0,
      "shouldDisplayMessage" : false,
      "stepsCount" : 0,
      "hasContent" : false
    }, {
      "name" : "Click on the \"My projects menu\" button.",
      "time" : {
        "start" : 1735912767029,
        "stop" : 1735912767169,
        "duration" : 140
      },
      "status" : "passed",
      "steps" : [ ],
      "attachments" : [ ],
      "parameters" : [ ],
      "attachmentsCount" : 0,
      "shouldDisplayMessage" : false,
      "stepsCount" : 0,
      "hasContent" : false
    }, {
      "name" : "Click on the \"Add project\" button.",
      "time" : {
        "start" : 1735912767169,
        "stop" : 1735912767282,
        "duration" : 113
      },
      "status" : "passed",
      "steps" : [ ],
      "attachments" : [ ],
      "parameters" : [ ],
      "attachmentsCount" : 0,
      "shouldDisplayMessage" : false,
      "stepsCount" : 0,
      "hasContent" : false
    }, {
      "name" : "Enter project name into the \"Name\" field.",
      "time" : {
        "start" : 1735912767283,
        "stop" : 1735912767537,
        "duration" : 254
      },
      "status" : "passed",
      "steps" : [ ],
      "attachments" : [ ],
      "parameters" : [ {
        "name" : "project_name",
        "value" : "'PREPARE RADIO IMPACT'"
      } ],
      "attachmentsCount" : 0,
      "shouldDisplayMessage" : false,
      "stepsCount" : 0,
      "hasContent" : true
    }, {
      "name" : "Choose Board as the project type.",
      "time" : {
        "start" : 1735912767537,
        "stop" : 1735912767605,
        "duration" : 68
      },
      "status" : "passed",
      "steps" : [ ],
      "attachments" : [ ],
      "parameters" : [ ],
      "attachmentsCount" : 0,
      "shouldDisplayMessage" : false,
      "stepsCount" : 0,
      "hasContent" : false
    }, {
      "name" : "Click on the \"Add\" button.",
      "time" : {
        "start" : 1735912767605,
        "stop" : 1735912768838,
        "duration" : 1233
      },
      "status" : "passed",
      "steps" : [ ],
      "attachments" : [ ],
      "parameters" : [ ],
      "attachmentsCount" : 0,
      "shouldDisplayMessage" : false,
      "stepsCount" : 0,
      "hasContent" : false
    }, {
      "name" : "Enter Board section name.",
      "time" : {
        "start" : 1735912768838,
        "stop" : 1735912769113,
        "duration" : 275
      },
      "status" : "broken",
      "statusMessage" : "selenium.common.exceptions.StaleElementReferenceException: Message: stale element reference: element is not attached to the page document\n  (Session info: headless chrome=112.0.5615.165); For documentation on this error, please visit: https://www.selenium.dev/documentation/webdriver/troubleshooting/errors#stale-element-reference-exception\n\n",
      "statusTrace" : "  File \"/usr/local/lib/python3.11/site-packages/allure_commons/_allure.py\", line 192, in impl\n    return func(*a, **kw)\n           ^^^^^^^^^^^^^^\n  File \"/usr/workspace/pages/projects_page.py\", line 78, in enter_section_name\n    self.enter_text(self.NAME_THIS_SECTION_FIELD, section_name)\n  File \"/usr/workspace/base/base_page.py\", line 26, in enter_text\n    element.send_keys(text)\n  File \"/usr/local/lib/python3.11/site-packages/selenium/webdriver/remote/webelement.py\", line 231, in send_keys\n    self._execute(\n  File \"/usr/local/lib/python3.11/site-packages/selenium/webdriver/remote/webelement.py\", line 395, in _execute\n    return self._parent.execute(command, params)\n           ^^^^^^^^^^^^^^^^^^^^^^^^^^^^^^^^^^^^^\n  File \"/usr/local/lib/python3.11/site-packages/selenium/webdriver/remote/webdriver.py\", line 380, in execute\n    self.error_handler.check_response(response)\n  File \"/usr/local/lib/python3.11/site-packages/selenium/webdriver/remote/errorhandler.py\", line 229, in check_response\n    raise exception_class(message, screen, stacktrace)\n",
      "steps" : [ ],
      "attachments" : [ ],
      "parameters" : [ {
        "name" : "section_name",
        "value" : "'To Do'"
      } ],
      "attachmentsCount" : 0,
      "shouldDisplayMessage" : true,
      "stepsCount" : 0,
      "hasContent" : true
    } ],
    "attachments" : [ {
      "uid" : "f8915aaabd6d8f73",
      "name" : "Task Board Creation Failed",
      "source" : "f8915aaabd6d8f73.png",
      "type" : "image/png",
      "size" : 48907
    } ],
    "parameters" : [ ],
    "attachmentsCount" : 1,
    "shouldDisplayMessage" : false,
    "stepsCount" : 7,
    "hasContent" : true
  }, {
    "name" : "setup",
    "time" : {
      "start" : 1735912757633,
      "stop" : 1735912757686,
      "duration" : 53
    },
    "status" : "passed",
    "steps" : [ ],
    "attachments" : [ ],
    "parameters" : [ ],
    "attachmentsCount" : 0,
    "shouldDisplayMessage" : false,
    "stepsCount" : 0,
    "hasContent" : false
  } ],
  "afterStages" : [ {
    "name" : "driver::0",
    "time" : {
      "start" : 1735912769291,
      "stop" : 1735912769291,
      "duration" : 0
    },
    "status" : "passed",
    "steps" : [ ],
    "attachments" : [ ],
    "parameters" : [ ],
    "attachmentsCount" : 0,
    "shouldDisplayMessage" : false,
    "stepsCount" : 0,
    "hasContent" : false
  } ],
  "labels" : [ {
    "name" : "feature",
    "value" : "Projects Management"
  }, {
    "name" : "severity",
    "value" : "normal"
  }, {
    "name" : "tag",
    "value" : "regression"
  }, {
    "name" : "tag",
    "value" : "order(30)"
  }, {
    "name" : "parentSuite",
    "value" : "tests"
  }, {
    "name" : "suite",
    "value" : "test_projects_management"
  }, {
    "name" : "subSuite",
    "value" : "TestProjectsManagement"
  }, {
    "name" : "host",
    "value" : "59bbcb9ba4ef"
  }, {
    "name" : "thread",
    "value" : "1-MainThread"
  }, {
    "name" : "framework",
    "value" : "pytest"
  }, {
    "name" : "language",
    "value" : "cpython3"
  }, {
    "name" : "package",
    "value" : "tests.test_projects_management"
  }, {
    "name" : "resultFormat",
    "value" : "allure2"
  } ],
  "parameters" : [ ],
  "links" : [ ],
  "hidden" : false,
  "retry" : false,
  "extra" : {
    "severity" : "normal",
    "retries" : [ ],
    "categories" : [ {
      "name" : "Test defects",
      "matchedStatuses" : [ ],
      "flaky" : false
    } ],
    "history" : {
      "statistic" : {
        "failed" : 0,
        "broken" : 2,
        "skipped" : 0,
        "passed" : 6,
        "unknown" : 0,
        "total" : 8
      },
      "items" : [ {
        "uid" : "6c20a8f3c443affa",
        "status" : "broken",
        "statusDetails" : "selenium.common.exceptions.TimeoutException: Message:",
        "time" : {
          "start" : 1735902602844,
          "stop" : 1735902625730,
          "duration" : 22886
        }
      }, {
        "uid" : "8b846ea1082f1b4a",
        "status" : "passed",
        "time" : {
          "start" : 1735897186386,
          "stop" : 1735897194265,
          "duration" : 7879
        }
      }, {
        "uid" : "6a5b2141dfa1c101",
        "status" : "passed",
        "time" : {
          "start" : 1735834368400,
          "stop" : 1735834377300,
          "duration" : 8900
        }
      }, {
        "uid" : "b1878c6b5bd92203",
        "status" : "passed",
        "time" : {
          "start" : 1735832457425,
          "stop" : 1735832465684,
          "duration" : 8259
        }
      }, {
        "uid" : "118d34aa06a56c3",
        "status" : "passed",
        "time" : {
          "start" : 1735828339430,
          "stop" : 1735828349902,
          "duration" : 10472
        }
      }, {
        "uid" : "7b34d2e119753915",
        "status" : "passed",
        "time" : {
          "start" : 1735822189531,
          "stop" : 1735822200941,
          "duration" : 11410
        }
      }, {
        "uid" : "38aa4f1d3f79246f",
        "status" : "passed",
        "time" : {
          "start" : 1735333985346,
          "stop" : 1735333993446,
          "duration" : 8100
        }
      } ]
    },
    "tags" : [ "regression", "order(30)" ]
  },
  "source" : "5f3e6ec7a53dd4be.json",
  "parameterValues" : [ ]
}