{
  "uid" : "8612ab51a8a89dfc",
  "name" : "TC27: Unsuccessful creation of a new Project due to invalid information.",
  "fullName" : "tests.test_projects_management.TestProjectsManagement#test_unsuccessful_project_creation",
  "historyId" : "4762040f07522b224fccabb5e7ee3097",
  "time" : {
    "start" : 1735912706308,
    "stop" : 1735912709160,
    "duration" : 2852
  },
  "description" : "\n    This test verifies that the system prevents the creation of a new project when invalid information is provided.\n    ",
  "descriptionHtml" : "<pre><code>This test verifies that the system prevents the creation of a new project when invalid information is provided.\n</code></pre>\n",
  "status" : "broken",
  "statusMessage" : "selenium.common.exceptions.UnexpectedAlertPresentException: Alert Text: {Alert text : \nMessage: unexpected alert open: {Alert text : }\n  (Session info: headless chrome=112.0.5615.165)",
  "statusTrace" : "self = <test_projects_management.TestProjectsManagement object at 0x7f36d70151d0>\ncreate_account = ('stevenwang@example.com', '!)d0NliG_TFC', 'Kelly')\ndelete_account = <function delete_account.<locals>.delete at 0x7f36da1c3100>\n\n    @pytest.mark.order(27)\n    @pytest.mark.regression\n    @allure.feature(\"Projects Management\")\n    @allure.description(\"\"\"\n    This test verifies that the system prevents the creation of a new project when invalid information is provided.\n    \"\"\")\n    @allure.severity(allure.severity_level.MINOR)\n    @allure.title(\"TC27: Unsuccessful creation of a new Project due to invalid information.\")\n    def test_unsuccessful_project_creation(self, create_account, delete_account):\n        email, password, username = create_account\n        project_name = \"\"\n        try:\n            # Steps:\n            self.home_page.click_my_projects_button()\n            self.projects_page.click_my_projects_menu_button()\n            self.projects_page.click_add_project_button()\n            self.projects_page.enter_project_name(project_name)\n            self.projects_page.choose_list()\n            self.projects_page.is_add_button_disabled()\n        except Exception as e:\n            take_screenshot(self.driver, \"Unsuccessful Project Creation Test Failed\")\n            raise e\n        finally:\n            # Postconditions:\n            with allure.step(\"Postconditions: Delete the created account.\"):\n>               delete_account(email, password)\n\ntests/test_projects_management.py:165: \n_ _ _ _ _ _ _ _ _ _ _ _ _ _ _ _ _ _ _ _ _ _ _ _ _ _ _ _ _ _ _ _ _ _ _ _ _ _ _ _ \nconftest.py:85: in delete\n    raise e\nconftest.py:79: in delete\n    delete_management_page.enter_email(email)\npages/profile_management_pages.py:120: in enter_email\n    self.enter_text(self.TODOIST_EMAIL_FIELD, email)\nbase/base_page.py:24: in enter_text\n    element = self.wait.until(EC.element_to_be_clickable(locator))\n../local/lib/python3.11/site-packages/selenium/webdriver/support/wait.py:96: in until\n    value = method(self._driver)\n../local/lib/python3.11/site-packages/selenium/webdriver/support/expected_conditions.py:363: in _predicate\n    target = driver.find_element(*target)  # grab element at locator\n../local/lib/python3.11/site-packages/selenium/webdriver/remote/webdriver.py:766: in find_element\n    return self.execute(Command.FIND_ELEMENT, {\"using\": by, \"value\": value})[\"value\"]\n../local/lib/python3.11/site-packages/selenium/webdriver/remote/webdriver.py:380: in execute\n    self.error_handler.check_response(response)\n_ _ _ _ _ _ _ _ _ _ _ _ _ _ _ _ _ _ _ _ _ _ _ _ _ _ _ _ _ _ _ _ _ _ _ _ _ _ _ _ \n\nself = <selenium.webdriver.remote.errorhandler.ErrorHandler object at 0x7f36d96f34d0>\nresponse = {'status': 500, 'value': '{\"value\":{\"data\":{\"text\":\"{Alert text : \"},\"error\":\"unexpected alert open\",\"message\":\"unexpected alert open: {Alert text : }\\\\n  (Session info: headless chrome=112.0.5615.165)\",\"stacktrace\":\"\"}}'}\n\n    def check_response(self, response: Dict[str, Any]) -> None:\n        \"\"\"Checks that a JSON response from the WebDriver does not have an\n        error.\n    \n        :Args:\n         - response - The JSON response from the WebDriver server as a dictionary\n           object.\n    \n        :Raises: If the response contains an error message.\n        \"\"\"\n        status = response.get(\"status\", None)\n        if not status or status == ErrorCode.SUCCESS:\n            return\n        value = None\n        message = response.get(\"message\", \"\")\n        screen: str = response.get(\"screen\", \"\")\n        stacktrace = None\n        if isinstance(status, int):\n            value_json = response.get(\"value\", None)\n            if value_json and isinstance(value_json, str):\n                import json\n    \n                try:\n                    value = json.loads(value_json)\n                    if len(value) == 1:\n                        value = value[\"value\"]\n                    status = value.get(\"error\", None)\n                    if not status:\n                        status = value.get(\"status\", ErrorCode.UNKNOWN_ERROR)\n                        message = value.get(\"value\") or value.get(\"message\")\n                        if not isinstance(message, str):\n                            value = message\n                            message = message.get(\"message\")\n                    else:\n                        message = value.get(\"message\", None)\n                except ValueError:\n                    pass\n    \n        exception_class: Type[WebDriverException]\n        e = ErrorCode()\n        error_codes = [item for item in dir(e) if not item.startswith(\"__\")]\n        for error_code in error_codes:\n            error_info = getattr(ErrorCode, error_code)\n            if isinstance(error_info, list) and status in error_info:\n                exception_class = getattr(ExceptionMapping, error_code, WebDriverException)\n                break\n        else:\n            exception_class = WebDriverException\n    \n        if not value:\n            value = response[\"value\"]\n        if isinstance(value, str):\n            raise exception_class(value)\n        if message == \"\" and \"message\" in value:\n            message = value[\"message\"]\n    \n        screen = None  # type: ignore[assignment]\n        if \"screen\" in value:\n            screen = value[\"screen\"]\n    \n        stacktrace = None\n        st_value = value.get(\"stackTrace\") or value.get(\"stacktrace\")\n        if st_value:\n            if isinstance(st_value, str):\n                stacktrace = st_value.split(\"\\n\")\n            else:\n                stacktrace = []\n                try:\n                    for frame in st_value:\n                        line = frame.get(\"lineNumber\", \"\")\n                        file = frame.get(\"fileName\", \"<anonymous>\")\n                        if line:\n                            file = f\"{file}:{line}\"\n                        meth = frame.get(\"methodName\", \"<anonymous>\")\n                        if \"className\" in frame:\n                            meth = f\"{frame['className']}.{meth}\"\n                        msg = \"    at %s (%s)\"\n                        msg = msg % (meth, file)\n                        stacktrace.append(msg)\n                except TypeError:\n                    pass\n        if exception_class == UnexpectedAlertPresentException:\n            alert_text = None\n            if \"data\" in value:\n                alert_text = value[\"data\"].get(\"text\")\n            elif \"alert\" in value:\n                alert_text = value[\"alert\"].get(\"text\")\n>           raise exception_class(message, screen, stacktrace, alert_text)  # type: ignore[call-arg]  # mypy is not smart enough here\nE           selenium.common.exceptions.UnexpectedAlertPresentException: Alert Text: {Alert text : \nE           Message: unexpected alert open: {Alert text : }\nE             (Session info: headless chrome=112.0.5615.165)\n\n../local/lib/python3.11/site-packages/selenium/webdriver/remote/errorhandler.py:228: UnexpectedAlertPresentException",
  "flaky" : false,
  "newFailed" : false,
  "beforeStages" : [ {
    "name" : "delete_account",
    "time" : {
      "start" : 1735912706308,
      "stop" : 1735912706308,
      "duration" : 0
    },
    "status" : "passed",
    "steps" : [ ],
    "attachments" : [ ],
    "parameters" : [ ],
    "attachmentsCount" : 0,
    "shouldDisplayMessage" : false,
    "stepsCount" : 0,
    "hasContent" : false
  }, {
    "name" : "setup",
    "time" : {
      "start" : 1735912698065,
      "stop" : 1735912698118,
      "duration" : 53
    },
    "status" : "passed",
    "steps" : [ ],
    "attachments" : [ ],
    "parameters" : [ ],
    "attachmentsCount" : 0,
    "shouldDisplayMessage" : false,
    "stepsCount" : 0,
    "hasContent" : false
  }, {
    "name" : "_session_faker",
    "time" : {
      "start" : 1735912313193,
      "stop" : 1735912313257,
      "duration" : 64
    },
    "status" : "passed",
    "steps" : [ ],
    "attachments" : [ ],
    "parameters" : [ ],
    "attachmentsCount" : 0,
    "shouldDisplayMessage" : false,
    "stepsCount" : 0,
    "hasContent" : false
  }, {
    "name" : "driver",
    "time" : {
      "start" : 1735912697743,
      "stop" : 1735912698065,
      "duration" : 322
    },
    "status" : "passed",
    "steps" : [ ],
    "attachments" : [ ],
    "parameters" : [ ],
    "attachmentsCount" : 0,
    "shouldDisplayMessage" : false,
    "stepsCount" : 0,
    "hasContent" : false
  }, {
    "name" : "create_account",
    "time" : {
      "start" : 1735912698118,
      "stop" : 1735912706308,
      "duration" : 8190
    },
    "status" : "passed",
    "steps" : [ {
      "name" : "Open the page https://app.todoist.com/auth/signup.",
      "time" : {
        "start" : 1735912698121,
        "stop" : 1735912698652,
        "duration" : 531
      },
      "status" : "passed",
      "steps" : [ ],
      "attachments" : [ ],
      "parameters" : [ ],
      "attachmentsCount" : 0,
      "shouldDisplayMessage" : false,
      "stepsCount" : 0,
      "hasContent" : false
    }, {
      "name" : "Enter email into the \"Email\" field.",
      "time" : {
        "start" : 1735912698652,
        "stop" : 1735912699810,
        "duration" : 1158
      },
      "status" : "passed",
      "steps" : [ ],
      "attachments" : [ ],
      "parameters" : [ {
        "name" : "email",
        "value" : "'stevenwang@example.com'"
      } ],
      "attachmentsCount" : 0,
      "shouldDisplayMessage" : false,
      "stepsCount" : 0,
      "hasContent" : true
    }, {
      "name" : "Enter password into the \"Password\" field.",
      "time" : {
        "start" : 1735912699810,
        "stop" : 1735912699918,
        "duration" : 108
      },
      "status" : "passed",
      "steps" : [ ],
      "attachments" : [ ],
      "parameters" : [ {
        "name" : "password",
        "value" : "'!)d0NliG_TFC'"
      } ],
      "attachmentsCount" : 0,
      "shouldDisplayMessage" : false,
      "stepsCount" : 0,
      "hasContent" : true
    }, {
      "name" : "Click on the \"Sign up with Email\" button.",
      "time" : {
        "start" : 1735912699918,
        "stop" : 1735912699989,
        "duration" : 71
      },
      "status" : "passed",
      "steps" : [ ],
      "attachments" : [ ],
      "parameters" : [ ],
      "attachmentsCount" : 0,
      "shouldDisplayMessage" : false,
      "stepsCount" : 0,
      "hasContent" : false
    }, {
      "name" : "Enter username into the \"Your name\" field.",
      "time" : {
        "start" : 1735912699989,
        "stop" : 1735912704019,
        "duration" : 4030
      },
      "status" : "passed",
      "steps" : [ ],
      "attachments" : [ ],
      "parameters" : [ {
        "name" : "username",
        "value" : "'Kelly'"
      } ],
      "attachmentsCount" : 0,
      "shouldDisplayMessage" : false,
      "stepsCount" : 0,
      "hasContent" : true
    }, {
      "name" : "Click on the \"Continue\" button.",
      "time" : {
        "start" : 1735912704019,
        "stop" : 1735912704463,
        "duration" : 444
      },
      "status" : "passed",
      "steps" : [ ],
      "attachments" : [ ],
      "parameters" : [ ],
      "attachmentsCount" : 0,
      "shouldDisplayMessage" : false,
      "stepsCount" : 0,
      "hasContent" : false
    }, {
      "name" : "Select \"Personal\" checkbox.",
      "time" : {
        "start" : 1735912704463,
        "stop" : 1735912704563,
        "duration" : 100
      },
      "status" : "passed",
      "steps" : [ ],
      "attachments" : [ ],
      "parameters" : [ ],
      "attachmentsCount" : 0,
      "shouldDisplayMessage" : false,
      "stepsCount" : 0,
      "hasContent" : false
    }, {
      "name" : "Click on the \"Launch Todoist\" button.",
      "time" : {
        "start" : 1735912704563,
        "stop" : 1735912706279,
        "duration" : 1716
      },
      "status" : "passed",
      "steps" : [ ],
      "attachments" : [ ],
      "parameters" : [ ],
      "attachmentsCount" : 0,
      "shouldDisplayMessage" : false,
      "stepsCount" : 0,
      "hasContent" : false
    }, {
      "name" : "Verify that the page with the URL https://app.todoist.com/app/today is opened.",
      "time" : {
        "start" : 1735912706279,
        "stop" : 1735912706308,
        "duration" : 29
      },
      "status" : "passed",
      "steps" : [ ],
      "attachments" : [ ],
      "parameters" : [ ],
      "attachmentsCount" : 0,
      "shouldDisplayMessage" : false,
      "stepsCount" : 0,
      "hasContent" : false
    } ],
    "attachments" : [ ],
    "parameters" : [ ],
    "attachmentsCount" : 0,
    "shouldDisplayMessage" : false,
    "stepsCount" : 9,
    "hasContent" : true
  } ],
  "testStage" : {
    "description" : "\n    This test verifies that the system prevents the creation of a new project when invalid information is provided.\n    ",
    "status" : "broken",
    "statusMessage" : "selenium.common.exceptions.UnexpectedAlertPresentException: Alert Text: {Alert text : \nMessage: unexpected alert open: {Alert text : }\n  (Session info: headless chrome=112.0.5615.165)",
    "statusTrace" : "self = <test_projects_management.TestProjectsManagement object at 0x7f36d70151d0>\ncreate_account = ('stevenwang@example.com', '!)d0NliG_TFC', 'Kelly')\ndelete_account = <function delete_account.<locals>.delete at 0x7f36da1c3100>\n\n    @pytest.mark.order(27)\n    @pytest.mark.regression\n    @allure.feature(\"Projects Management\")\n    @allure.description(\"\"\"\n    This test verifies that the system prevents the creation of a new project when invalid information is provided.\n    \"\"\")\n    @allure.severity(allure.severity_level.MINOR)\n    @allure.title(\"TC27: Unsuccessful creation of a new Project due to invalid information.\")\n    def test_unsuccessful_project_creation(self, create_account, delete_account):\n        email, password, username = create_account\n        project_name = \"\"\n        try:\n            # Steps:\n            self.home_page.click_my_projects_button()\n            self.projects_page.click_my_projects_menu_button()\n            self.projects_page.click_add_project_button()\n            self.projects_page.enter_project_name(project_name)\n            self.projects_page.choose_list()\n            self.projects_page.is_add_button_disabled()\n        except Exception as e:\n            take_screenshot(self.driver, \"Unsuccessful Project Creation Test Failed\")\n            raise e\n        finally:\n            # Postconditions:\n            with allure.step(\"Postconditions: Delete the created account.\"):\n>               delete_account(email, password)\n\ntests/test_projects_management.py:165: \n_ _ _ _ _ _ _ _ _ _ _ _ _ _ _ _ _ _ _ _ _ _ _ _ _ _ _ _ _ _ _ _ _ _ _ _ _ _ _ _ \nconftest.py:85: in delete\n    raise e\nconftest.py:79: in delete\n    delete_management_page.enter_email(email)\npages/profile_management_pages.py:120: in enter_email\n    self.enter_text(self.TODOIST_EMAIL_FIELD, email)\nbase/base_page.py:24: in enter_text\n    element = self.wait.until(EC.element_to_be_clickable(locator))\n../local/lib/python3.11/site-packages/selenium/webdriver/support/wait.py:96: in until\n    value = method(self._driver)\n../local/lib/python3.11/site-packages/selenium/webdriver/support/expected_conditions.py:363: in _predicate\n    target = driver.find_element(*target)  # grab element at locator\n../local/lib/python3.11/site-packages/selenium/webdriver/remote/webdriver.py:766: in find_element\n    return self.execute(Command.FIND_ELEMENT, {\"using\": by, \"value\": value})[\"value\"]\n../local/lib/python3.11/site-packages/selenium/webdriver/remote/webdriver.py:380: in execute\n    self.error_handler.check_response(response)\n_ _ _ _ _ _ _ _ _ _ _ _ _ _ _ _ _ _ _ _ _ _ _ _ _ _ _ _ _ _ _ _ _ _ _ _ _ _ _ _ \n\nself = <selenium.webdriver.remote.errorhandler.ErrorHandler object at 0x7f36d96f34d0>\nresponse = {'status': 500, 'value': '{\"value\":{\"data\":{\"text\":\"{Alert text : \"},\"error\":\"unexpected alert open\",\"message\":\"unexpected alert open: {Alert text : }\\\\n  (Session info: headless chrome=112.0.5615.165)\",\"stacktrace\":\"\"}}'}\n\n    def check_response(self, response: Dict[str, Any]) -> None:\n        \"\"\"Checks that a JSON response from the WebDriver does not have an\n        error.\n    \n        :Args:\n         - response - The JSON response from the WebDriver server as a dictionary\n           object.\n    \n        :Raises: If the response contains an error message.\n        \"\"\"\n        status = response.get(\"status\", None)\n        if not status or status == ErrorCode.SUCCESS:\n            return\n        value = None\n        message = response.get(\"message\", \"\")\n        screen: str = response.get(\"screen\", \"\")\n        stacktrace = None\n        if isinstance(status, int):\n            value_json = response.get(\"value\", None)\n            if value_json and isinstance(value_json, str):\n                import json\n    \n                try:\n                    value = json.loads(value_json)\n                    if len(value) == 1:\n                        value = value[\"value\"]\n                    status = value.get(\"error\", None)\n                    if not status:\n                        status = value.get(\"status\", ErrorCode.UNKNOWN_ERROR)\n                        message = value.get(\"value\") or value.get(\"message\")\n                        if not isinstance(message, str):\n                            value = message\n                            message = message.get(\"message\")\n                    else:\n                        message = value.get(\"message\", None)\n                except ValueError:\n                    pass\n    \n        exception_class: Type[WebDriverException]\n        e = ErrorCode()\n        error_codes = [item for item in dir(e) if not item.startswith(\"__\")]\n        for error_code in error_codes:\n            error_info = getattr(ErrorCode, error_code)\n            if isinstance(error_info, list) and status in error_info:\n                exception_class = getattr(ExceptionMapping, error_code, WebDriverException)\n                break\n        else:\n            exception_class = WebDriverException\n    \n        if not value:\n            value = response[\"value\"]\n        if isinstance(value, str):\n            raise exception_class(value)\n        if message == \"\" and \"message\" in value:\n            message = value[\"message\"]\n    \n        screen = None  # type: ignore[assignment]\n        if \"screen\" in value:\n            screen = value[\"screen\"]\n    \n        stacktrace = None\n        st_value = value.get(\"stackTrace\") or value.get(\"stacktrace\")\n        if st_value:\n            if isinstance(st_value, str):\n                stacktrace = st_value.split(\"\\n\")\n            else:\n                stacktrace = []\n                try:\n                    for frame in st_value:\n                        line = frame.get(\"lineNumber\", \"\")\n                        file = frame.get(\"fileName\", \"<anonymous>\")\n                        if line:\n                            file = f\"{file}:{line}\"\n                        meth = frame.get(\"methodName\", \"<anonymous>\")\n                        if \"className\" in frame:\n                            meth = f\"{frame['className']}.{meth}\"\n                        msg = \"    at %s (%s)\"\n                        msg = msg % (meth, file)\n                        stacktrace.append(msg)\n                except TypeError:\n                    pass\n        if exception_class == UnexpectedAlertPresentException:\n            alert_text = None\n            if \"data\" in value:\n                alert_text = value[\"data\"].get(\"text\")\n            elif \"alert\" in value:\n                alert_text = value[\"alert\"].get(\"text\")\n>           raise exception_class(message, screen, stacktrace, alert_text)  # type: ignore[call-arg]  # mypy is not smart enough here\nE           selenium.common.exceptions.UnexpectedAlertPresentException: Alert Text: {Alert text : \nE           Message: unexpected alert open: {Alert text : }\nE             (Session info: headless chrome=112.0.5615.165)\n\n../local/lib/python3.11/site-packages/selenium/webdriver/remote/errorhandler.py:228: UnexpectedAlertPresentException",
    "steps" : [ {
      "name" : "Click on the \"My Projects\" button.",
      "time" : {
        "start" : 1735912706308,
        "stop" : 1735912706514,
        "duration" : 206
      },
      "status" : "passed",
      "steps" : [ ],
      "attachments" : [ ],
      "parameters" : [ ],
      "attachmentsCount" : 0,
      "shouldDisplayMessage" : false,
      "stepsCount" : 0,
      "hasContent" : false
    }, {
      "name" : "Click on the \"My projects menu\" button.",
      "time" : {
        "start" : 1735912706514,
        "stop" : 1735912706659,
        "duration" : 145
      },
      "status" : "passed",
      "steps" : [ ],
      "attachments" : [ ],
      "parameters" : [ ],
      "attachmentsCount" : 0,
      "shouldDisplayMessage" : false,
      "stepsCount" : 0,
      "hasContent" : false
    }, {
      "name" : "Click on the \"Add project\" button.",
      "time" : {
        "start" : 1735912706659,
        "stop" : 1735912706774,
        "duration" : 115
      },
      "status" : "passed",
      "steps" : [ ],
      "attachments" : [ ],
      "parameters" : [ ],
      "attachmentsCount" : 0,
      "shouldDisplayMessage" : false,
      "stepsCount" : 0,
      "hasContent" : false
    }, {
      "name" : "Enter project name into the \"Name\" field.",
      "time" : {
        "start" : 1735912706775,
        "stop" : 1735912706845,
        "duration" : 70
      },
      "status" : "passed",
      "steps" : [ ],
      "attachments" : [ ],
      "parameters" : [ {
        "name" : "project_name",
        "value" : "''"
      } ],
      "attachmentsCount" : 0,
      "shouldDisplayMessage" : false,
      "stepsCount" : 0,
      "hasContent" : true
    }, {
      "name" : "Choose List as the project type.",
      "time" : {
        "start" : 1735912706845,
        "stop" : 1735912706907,
        "duration" : 62
      },
      "status" : "passed",
      "steps" : [ ],
      "attachments" : [ ],
      "parameters" : [ ],
      "attachmentsCount" : 0,
      "shouldDisplayMessage" : false,
      "stepsCount" : 0,
      "hasContent" : false
    }, {
      "name" : "Verify that the \"Add\" button is disabled.",
      "time" : {
        "start" : 1735912706907,
        "stop" : 1735912706921,
        "duration" : 14
      },
      "status" : "passed",
      "steps" : [ ],
      "attachments" : [ ],
      "parameters" : [ ],
      "attachmentsCount" : 0,
      "shouldDisplayMessage" : false,
      "stepsCount" : 0,
      "hasContent" : false
    }, {
      "name" : "Postconditions: Delete the created account.",
      "time" : {
        "start" : 1735912706921,
        "stop" : 1735912709159,
        "duration" : 2238
      },
      "status" : "broken",
      "statusMessage" : "selenium.common.exceptions.UnexpectedAlertPresentException: Alert Text: {Alert text : \nMessage: unexpected alert open: {Alert text : }\n  (Session info: headless chrome=112.0.5615.165)\n\n",
      "statusTrace" : "  File \"/usr/workspace/tests/test_projects_management.py\", line 165, in test_unsuccessful_project_creation\n    delete_account(email, password)\n  File \"/usr/workspace/conftest.py\", line 85, in delete\n    raise e\n  File \"/usr/workspace/conftest.py\", line 79, in delete\n    delete_management_page.enter_email(email)\n  File \"/usr/local/lib/python3.11/site-packages/allure_commons/_allure.py\", line 192, in impl\n    return func(*a, **kw)\n           ^^^^^^^^^^^^^^\n  File \"/usr/workspace/pages/profile_management_pages.py\", line 120, in enter_email\n    self.enter_text(self.TODOIST_EMAIL_FIELD, email)\n  File \"/usr/workspace/base/base_page.py\", line 24, in enter_text\n    element = self.wait.until(EC.element_to_be_clickable(locator))\n              ^^^^^^^^^^^^^^^^^^^^^^^^^^^^^^^^^^^^^^^^^^^^^^^^^^^^\n  File \"/usr/local/lib/python3.11/site-packages/selenium/webdriver/support/wait.py\", line 96, in until\n    value = method(self._driver)\n            ^^^^^^^^^^^^^^^^^^^^\n  File \"/usr/local/lib/python3.11/site-packages/selenium/webdriver/support/expected_conditions.py\", line 363, in _predicate\n    target = driver.find_element(*target)  # grab element at locator\n             ^^^^^^^^^^^^^^^^^^^^^^^^^^^^\n  File \"/usr/local/lib/python3.11/site-packages/selenium/webdriver/remote/webdriver.py\", line 766, in find_element\n    return self.execute(Command.FIND_ELEMENT, {\"using\": by, \"value\": value})[\"value\"]\n           ^^^^^^^^^^^^^^^^^^^^^^^^^^^^^^^^^^^^^^^^^^^^^^^^^^^^^^^^^^^^^^^^^\n  File \"/usr/local/lib/python3.11/site-packages/selenium/webdriver/remote/webdriver.py\", line 380, in execute\n    self.error_handler.check_response(response)\n  File \"/usr/local/lib/python3.11/site-packages/selenium/webdriver/remote/errorhandler.py\", line 228, in check_response\n    raise exception_class(message, screen, stacktrace, alert_text)  # type: ignore[call-arg]  # mypy is not smart enough here\n    ^^^^^^^^^^^^^^^^^^^^^^^^^^^^^^^^^^^^^^^^^^^^^^^^^^^^^^^^^^^^^^\n",
      "steps" : [ {
        "name" : "Open the page https://app.todoist.com/app/settings/account/delete.",
        "time" : {
          "start" : 1735912707921,
          "stop" : 1735912707925,
          "duration" : 4
        },
        "status" : "passed",
        "steps" : [ ],
        "attachments" : [ ],
        "parameters" : [ ],
        "attachmentsCount" : 0,
        "shouldDisplayMessage" : false,
        "stepsCount" : 0,
        "hasContent" : false
      }, {
        "name" : "Enter email into the \"Todoist email\" field.",
        "time" : {
          "start" : 1735912708925,
          "stop" : 1735912708927,
          "duration" : 2
        },
        "status" : "broken",
        "statusMessage" : "selenium.common.exceptions.UnexpectedAlertPresentException: Alert Text: {Alert text : \nMessage: unexpected alert open: {Alert text : }\n  (Session info: headless chrome=112.0.5615.165)\n\n",
        "statusTrace" : "  File \"/usr/local/lib/python3.11/site-packages/allure_commons/_allure.py\", line 192, in impl\n    return func(*a, **kw)\n           ^^^^^^^^^^^^^^\n  File \"/usr/workspace/pages/profile_management_pages.py\", line 120, in enter_email\n    self.enter_text(self.TODOIST_EMAIL_FIELD, email)\n  File \"/usr/workspace/base/base_page.py\", line 24, in enter_text\n    element = self.wait.until(EC.element_to_be_clickable(locator))\n              ^^^^^^^^^^^^^^^^^^^^^^^^^^^^^^^^^^^^^^^^^^^^^^^^^^^^\n  File \"/usr/local/lib/python3.11/site-packages/selenium/webdriver/support/wait.py\", line 96, in until\n    value = method(self._driver)\n            ^^^^^^^^^^^^^^^^^^^^\n  File \"/usr/local/lib/python3.11/site-packages/selenium/webdriver/support/expected_conditions.py\", line 363, in _predicate\n    target = driver.find_element(*target)  # grab element at locator\n             ^^^^^^^^^^^^^^^^^^^^^^^^^^^^\n  File \"/usr/local/lib/python3.11/site-packages/selenium/webdriver/remote/webdriver.py\", line 766, in find_element\n    return self.execute(Command.FIND_ELEMENT, {\"using\": by, \"value\": value})[\"value\"]\n           ^^^^^^^^^^^^^^^^^^^^^^^^^^^^^^^^^^^^^^^^^^^^^^^^^^^^^^^^^^^^^^^^^\n  File \"/usr/local/lib/python3.11/site-packages/selenium/webdriver/remote/webdriver.py\", line 380, in execute\n    self.error_handler.check_response(response)\n  File \"/usr/local/lib/python3.11/site-packages/selenium/webdriver/remote/errorhandler.py\", line 228, in check_response\n    raise exception_class(message, screen, stacktrace, alert_text)  # type: ignore[call-arg]  # mypy is not smart enough here\n    ^^^^^^^^^^^^^^^^^^^^^^^^^^^^^^^^^^^^^^^^^^^^^^^^^^^^^^^^^^^^^^\n",
        "steps" : [ ],
        "attachments" : [ ],
        "parameters" : [ {
          "name" : "email",
          "value" : "'stevenwang@example.com'"
        } ],
        "attachmentsCount" : 0,
        "shouldDisplayMessage" : true,
        "stepsCount" : 0,
        "hasContent" : true
      } ],
      "attachments" : [ {
        "uid" : "ec0ec9bdf42e4a16",
        "name" : "Account Deletion Failed",
        "source" : "ec0ec9bdf42e4a16.png",
        "type" : "image/png",
        "size" : 66630
      } ],
      "parameters" : [ ],
      "attachmentsCount" : 1,
      "shouldDisplayMessage" : false,
      "stepsCount" : 2,
      "hasContent" : true
    } ],
    "attachments" : [ ],
    "parameters" : [ ],
    "attachmentsCount" : 1,
    "shouldDisplayMessage" : true,
    "stepsCount" : 9,
    "hasContent" : true
  },
  "afterStages" : [ {
    "name" : "driver::0",
    "time" : {
      "start" : 1735912709195,
      "stop" : 1735912709195,
      "duration" : 0
    },
    "status" : "passed",
    "steps" : [ ],
    "attachments" : [ ],
    "parameters" : [ ],
    "attachmentsCount" : 0,
    "shouldDisplayMessage" : false,
    "stepsCount" : 0,
    "hasContent" : false
  } ],
  "labels" : [ {
    "name" : "feature",
    "value" : "Projects Management"
  }, {
    "name" : "severity",
    "value" : "minor"
  }, {
    "name" : "tag",
    "value" : "regression"
  }, {
    "name" : "tag",
    "value" : "order(27)"
  }, {
    "name" : "parentSuite",
    "value" : "tests"
  }, {
    "name" : "suite",
    "value" : "test_projects_management"
  }, {
    "name" : "subSuite",
    "value" : "TestProjectsManagement"
  }, {
    "name" : "host",
    "value" : "59bbcb9ba4ef"
  }, {
    "name" : "thread",
    "value" : "1-MainThread"
  }, {
    "name" : "framework",
    "value" : "pytest"
  }, {
    "name" : "language",
    "value" : "cpython3"
  }, {
    "name" : "package",
    "value" : "tests.test_projects_management"
  }, {
    "name" : "resultFormat",
    "value" : "allure2"
  } ],
  "parameters" : [ ],
  "links" : [ ],
  "hidden" : false,
  "retry" : false,
  "extra" : {
    "severity" : "minor",
    "retries" : [ ],
    "categories" : [ {
      "name" : "Test defects",
      "matchedStatuses" : [ ],
      "flaky" : false
    } ],
    "history" : {
      "statistic" : {
        "failed" : 0,
        "broken" : 2,
        "skipped" : 0,
        "passed" : 6,
        "unknown" : 0,
        "total" : 8
      },
      "items" : [ {
        "uid" : "c5245a181142422a",
        "status" : "passed",
        "time" : {
          "start" : 1735902546239,
          "stop" : 1735902552264,
          "duration" : 6025
        }
      }, {
        "uid" : "4f0e4dd049ac396e",
        "status" : "broken",
        "statusDetails" : "selenium.common.exceptions.UnexpectedAlertPresentException: Alert Text: {Alert text : \nMessage: unexpected alert open: {Alert text : }\n  (Session info: headless chrome=112.0.5615.165)",
        "time" : {
          "start" : 1735897133780,
          "stop" : 1735897136572,
          "duration" : 2792
        }
      }, {
        "uid" : "158d43d595b62efe",
        "status" : "passed",
        "time" : {
          "start" : 1735834307285,
          "stop" : 1735834313281,
          "duration" : 5996
        }
      }, {
        "uid" : "d934b3b71a972441",
        "status" : "passed",
        "time" : {
          "start" : 1735832401088,
          "stop" : 1735832406547,
          "duration" : 5459
        }
      }, {
        "uid" : "90adb1cd7559a5fb",
        "status" : "passed",
        "time" : {
          "start" : 1735828273105,
          "stop" : 1735828280492,
          "duration" : 7387
        }
      }, {
        "uid" : "e466b1331eec2469",
        "status" : "passed",
        "time" : {
          "start" : 1735822122343,
          "stop" : 1735822130484,
          "duration" : 8141
        }
      }, {
        "uid" : "1491d1f2b8be1626",
        "status" : "passed",
        "time" : {
          "start" : 1735333900153,
          "stop" : 1735333906392,
          "duration" : 6239
        }
      } ]
    },
    "tags" : [ "regression", "order(27)" ]
  },
  "source" : "8612ab51a8a89dfc.json",
  "parameterValues" : [ ]
}