{
  "uid" : "881d748ad9775bfa",
  "name" : "TC36: Successful search for a task that contains links.",
  "fullName" : "tests.test_task_search.TestTaskSearch#test_task_search_by_link",
  "historyId" : "90b6fe180d81ccdc018135f1cc5aab87",
  "time" : {
    "start" : 1735828444115,
    "stop" : 1735828450188,
    "duration" : 6073
  },
  "description" : "\n    This test verifies that a user can successfully search for a task containing links, ensuring that tasks with URLs are correctly identified and displayed in the search results.\n    ",
  "descriptionHtml" : "<pre><code>This test verifies that a user can successfully search for a task containing links, ensuring that tasks with URLs are correctly identified and displayed in the search results.\n</code></pre>\n",
  "status" : "broken",
  "statusMessage" : "selenium.common.exceptions.UnexpectedAlertPresentException: Alert Text: {Alert text : \nMessage: unexpected alert open: {Alert text : }\n  (Session info: headless chrome=112.0.5615.165)",
  "statusTrace" : "self = <test_task_search.TestTaskSearch object at 0x7f025ef580d0>, login = None\ndelete_task = <function delete_task.<locals>.delete at 0x7f02606849a0>\n\n    @pytest.mark.order(36)\n    @pytest.mark.regression\n    @allure.feature(\"Task Search\")\n    @allure.description(\"\"\"\n    This test verifies that a user can successfully search for a task containing links, ensuring that tasks with URLs are correctly identified and displayed in the search results.\n    \"\"\")\n    @allure.severity(allure.severity_level.NORMAL)\n    @allure.title(\"TC36: Successful search for a task that contains links.\")\n    def test_task_search_by_link(self, login, delete_task):\n        links = [\"https://github.com/\", \"https://www.youtube.com/\", \"https://www.google.com/\"]\n        link = random.choice(links)\n        fake = FakeDataGenerator()\n        task_name = fake.task_name\n        try:\n            # Steps:\n            self.home_page.click_add_task_button()\n            self.home_page.enter_task_name(task_name + \" \" + link)\n            self.home_page.click_submit_add_task_button()\n            self.home_page.click_search_button()\n            self.home_page.enter_search_request(link)\n            self.home_page.press_enter()\n            self.search_page.is_page_heading_contains_search_result(link)\n            self.search_page.is_task_list_contains_task(task_name)\n        except Exception as e:\n            take_screenshot(self.driver, \"Task Search by Link Test Failed\")\n            raise e\n        finally:\n            # Postconditions:\n            with allure.step(\"Postconditions: Delete the created task.\"):\n>               delete_task(task_name)\n\ntests/test_task_search.py:91: \n_ _ _ _ _ _ _ _ _ _ _ _ _ _ _ _ _ _ _ _ _ _ _ _ _ _ _ _ _ _ _ _ _ _ _ _ _ _ _ _ \nconftest.py:123: in delete\n    raise e\nconftest.py:117: in delete\n    home_page.click_more_actions_button(task_name)\npages/home_page.py:125: in click_more_actions_button\n    task_element = self.wait_for_visibility(task_locator)\nbase/base_page.py:29: in wait_for_visibility\n    return self.wait.until(EC.visibility_of_element_located(locator), timeout)\n../local/lib/python3.11/site-packages/selenium/webdriver/support/wait.py:96: in until\n    value = method(self._driver)\n../local/lib/python3.11/site-packages/selenium/webdriver/support/expected_conditions.py:156: in _predicate\n    return _element_if_visible(driver.find_element(*locator))\n../local/lib/python3.11/site-packages/selenium/webdriver/remote/webdriver.py:766: in find_element\n    return self.execute(Command.FIND_ELEMENT, {\"using\": by, \"value\": value})[\"value\"]\n../local/lib/python3.11/site-packages/selenium/webdriver/remote/webdriver.py:380: in execute\n    self.error_handler.check_response(response)\n_ _ _ _ _ _ _ _ _ _ _ _ _ _ _ _ _ _ _ _ _ _ _ _ _ _ _ _ _ _ _ _ _ _ _ _ _ _ _ _ \n\nself = <selenium.webdriver.remote.errorhandler.ErrorHandler object at 0x7f02624a6cd0>\nresponse = {'status': 500, 'value': '{\"value\":{\"data\":{\"text\":\"{Alert text : \"},\"error\":\"unexpected alert open\",\"message\":\"unexpected alert open: {Alert text : }\\\\n  (Session info: headless chrome=112.0.5615.165)\",\"stacktrace\":\"\"}}'}\n\n    def check_response(self, response: Dict[str, Any]) -> None:\n        \"\"\"Checks that a JSON response from the WebDriver does not have an\n        error.\n    \n        :Args:\n         - response - The JSON response from the WebDriver server as a dictionary\n           object.\n    \n        :Raises: If the response contains an error message.\n        \"\"\"\n        status = response.get(\"status\", None)\n        if not status or status == ErrorCode.SUCCESS:\n            return\n        value = None\n        message = response.get(\"message\", \"\")\n        screen: str = response.get(\"screen\", \"\")\n        stacktrace = None\n        if isinstance(status, int):\n            value_json = response.get(\"value\", None)\n            if value_json and isinstance(value_json, str):\n                import json\n    \n                try:\n                    value = json.loads(value_json)\n                    if len(value) == 1:\n                        value = value[\"value\"]\n                    status = value.get(\"error\", None)\n                    if not status:\n                        status = value.get(\"status\", ErrorCode.UNKNOWN_ERROR)\n                        message = value.get(\"value\") or value.get(\"message\")\n                        if not isinstance(message, str):\n                            value = message\n                            message = message.get(\"message\")\n                    else:\n                        message = value.get(\"message\", None)\n                except ValueError:\n                    pass\n    \n        exception_class: Type[WebDriverException]\n        e = ErrorCode()\n        error_codes = [item for item in dir(e) if not item.startswith(\"__\")]\n        for error_code in error_codes:\n            error_info = getattr(ErrorCode, error_code)\n            if isinstance(error_info, list) and status in error_info:\n                exception_class = getattr(ExceptionMapping, error_code, WebDriverException)\n                break\n        else:\n            exception_class = WebDriverException\n    \n        if not value:\n            value = response[\"value\"]\n        if isinstance(value, str):\n            raise exception_class(value)\n        if message == \"\" and \"message\" in value:\n            message = value[\"message\"]\n    \n        screen = None  # type: ignore[assignment]\n        if \"screen\" in value:\n            screen = value[\"screen\"]\n    \n        stacktrace = None\n        st_value = value.get(\"stackTrace\") or value.get(\"stacktrace\")\n        if st_value:\n            if isinstance(st_value, str):\n                stacktrace = st_value.split(\"\\n\")\n            else:\n                stacktrace = []\n                try:\n                    for frame in st_value:\n                        line = frame.get(\"lineNumber\", \"\")\n                        file = frame.get(\"fileName\", \"<anonymous>\")\n                        if line:\n                            file = f\"{file}:{line}\"\n                        meth = frame.get(\"methodName\", \"<anonymous>\")\n                        if \"className\" in frame:\n                            meth = f\"{frame['className']}.{meth}\"\n                        msg = \"    at %s (%s)\"\n                        msg = msg % (meth, file)\n                        stacktrace.append(msg)\n                except TypeError:\n                    pass\n        if exception_class == UnexpectedAlertPresentException:\n            alert_text = None\n            if \"data\" in value:\n                alert_text = value[\"data\"].get(\"text\")\n            elif \"alert\" in value:\n                alert_text = value[\"alert\"].get(\"text\")\n>           raise exception_class(message, screen, stacktrace, alert_text)  # type: ignore[call-arg]  # mypy is not smart enough here\nE           selenium.common.exceptions.UnexpectedAlertPresentException: Alert Text: {Alert text : \nE           Message: unexpected alert open: {Alert text : }\nE             (Session info: headless chrome=112.0.5615.165)\n\n../local/lib/python3.11/site-packages/selenium/webdriver/remote/errorhandler.py:228: UnexpectedAlertPresentException",
  "flaky" : false,
  "newFailed" : false,
  "beforeStages" : [ {
    "name" : "driver",
    "time" : {
      "start" : 1735828437631,
      "stop" : 1735828437954,
      "duration" : 323
    },
    "status" : "passed",
    "steps" : [ ],
    "attachments" : [ ],
    "parameters" : [ ],
    "attachmentsCount" : 0,
    "shouldDisplayMessage" : false,
    "stepsCount" : 0,
    "hasContent" : false
  }, {
    "name" : "_session_faker",
    "time" : {
      "start" : 1735827852795,
      "stop" : 1735827852859,
      "duration" : 64
    },
    "status" : "passed",
    "steps" : [ ],
    "attachments" : [ ],
    "parameters" : [ ],
    "attachmentsCount" : 0,
    "shouldDisplayMessage" : false,
    "stepsCount" : 0,
    "hasContent" : false
  }, {
    "name" : "login",
    "time" : {
      "start" : 1735828438007,
      "stop" : 1735828444115,
      "duration" : 6108
    },
    "status" : "passed",
    "steps" : [ {
      "name" : "Open the page https://app.todoist.com/auth/login.",
      "time" : {
        "start" : 1735828438007,
        "stop" : 1735828438609,
        "duration" : 602
      },
      "status" : "passed",
      "steps" : [ ],
      "attachments" : [ ],
      "parameters" : [ ],
      "attachmentsCount" : 0,
      "shouldDisplayMessage" : false,
      "stepsCount" : 0,
      "hasContent" : false
    }, {
      "name" : "Enter email into the \"Email\" field.",
      "time" : {
        "start" : 1735828438610,
        "stop" : 1735828439749,
        "duration" : 1139
      },
      "status" : "passed",
      "steps" : [ ],
      "attachments" : [ ],
      "parameters" : [ {
        "name" : "email",
        "value" : "'seb.bell@ymail.com'"
      } ],
      "attachmentsCount" : 0,
      "shouldDisplayMessage" : false,
      "stepsCount" : 0,
      "hasContent" : true
    }, {
      "name" : "Enter password into the \"Password\" field.",
      "time" : {
        "start" : 1735828439750,
        "stop" : 1735828439859,
        "duration" : 109
      },
      "status" : "passed",
      "steps" : [ ],
      "attachments" : [ ],
      "parameters" : [ {
        "name" : "password",
        "value" : "'h28cnTtBfH3m'"
      } ],
      "attachmentsCount" : 0,
      "shouldDisplayMessage" : false,
      "stepsCount" : 0,
      "hasContent" : true
    }, {
      "name" : "Click on the \"Log in\" button.",
      "time" : {
        "start" : 1735828439859,
        "stop" : 1735828439931,
        "duration" : 72
      },
      "status" : "passed",
      "steps" : [ ],
      "attachments" : [ ],
      "parameters" : [ ],
      "attachmentsCount" : 0,
      "shouldDisplayMessage" : false,
      "stepsCount" : 0,
      "hasContent" : false
    }, {
      "name" : "Verify that the page with the URL https://app.todoist.com/app/today is opened.",
      "time" : {
        "start" : 1735828439931,
        "stop" : 1735828444115,
        "duration" : 4184
      },
      "status" : "passed",
      "steps" : [ ],
      "attachments" : [ ],
      "parameters" : [ ],
      "attachmentsCount" : 0,
      "shouldDisplayMessage" : false,
      "stepsCount" : 0,
      "hasContent" : false
    } ],
    "attachments" : [ ],
    "parameters" : [ ],
    "attachmentsCount" : 0,
    "shouldDisplayMessage" : false,
    "stepsCount" : 5,
    "hasContent" : true
  }, {
    "name" : "setup",
    "time" : {
      "start" : 1735828437954,
      "stop" : 1735828438006,
      "duration" : 52
    },
    "status" : "passed",
    "steps" : [ ],
    "attachments" : [ ],
    "parameters" : [ ],
    "attachmentsCount" : 0,
    "shouldDisplayMessage" : false,
    "stepsCount" : 0,
    "hasContent" : false
  }, {
    "name" : "delete_task",
    "time" : {
      "start" : 1735828444115,
      "stop" : 1735828444115,
      "duration" : 0
    },
    "status" : "passed",
    "steps" : [ ],
    "attachments" : [ ],
    "parameters" : [ ],
    "attachmentsCount" : 0,
    "shouldDisplayMessage" : false,
    "stepsCount" : 0,
    "hasContent" : false
  } ],
  "testStage" : {
    "description" : "\n    This test verifies that a user can successfully search for a task containing links, ensuring that tasks with URLs are correctly identified and displayed in the search results.\n    ",
    "status" : "broken",
    "statusMessage" : "selenium.common.exceptions.UnexpectedAlertPresentException: Alert Text: {Alert text : \nMessage: unexpected alert open: {Alert text : }\n  (Session info: headless chrome=112.0.5615.165)",
    "statusTrace" : "self = <test_task_search.TestTaskSearch object at 0x7f025ef580d0>, login = None\ndelete_task = <function delete_task.<locals>.delete at 0x7f02606849a0>\n\n    @pytest.mark.order(36)\n    @pytest.mark.regression\n    @allure.feature(\"Task Search\")\n    @allure.description(\"\"\"\n    This test verifies that a user can successfully search for a task containing links, ensuring that tasks with URLs are correctly identified and displayed in the search results.\n    \"\"\")\n    @allure.severity(allure.severity_level.NORMAL)\n    @allure.title(\"TC36: Successful search for a task that contains links.\")\n    def test_task_search_by_link(self, login, delete_task):\n        links = [\"https://github.com/\", \"https://www.youtube.com/\", \"https://www.google.com/\"]\n        link = random.choice(links)\n        fake = FakeDataGenerator()\n        task_name = fake.task_name\n        try:\n            # Steps:\n            self.home_page.click_add_task_button()\n            self.home_page.enter_task_name(task_name + \" \" + link)\n            self.home_page.click_submit_add_task_button()\n            self.home_page.click_search_button()\n            self.home_page.enter_search_request(link)\n            self.home_page.press_enter()\n            self.search_page.is_page_heading_contains_search_result(link)\n            self.search_page.is_task_list_contains_task(task_name)\n        except Exception as e:\n            take_screenshot(self.driver, \"Task Search by Link Test Failed\")\n            raise e\n        finally:\n            # Postconditions:\n            with allure.step(\"Postconditions: Delete the created task.\"):\n>               delete_task(task_name)\n\ntests/test_task_search.py:91: \n_ _ _ _ _ _ _ _ _ _ _ _ _ _ _ _ _ _ _ _ _ _ _ _ _ _ _ _ _ _ _ _ _ _ _ _ _ _ _ _ \nconftest.py:123: in delete\n    raise e\nconftest.py:117: in delete\n    home_page.click_more_actions_button(task_name)\npages/home_page.py:125: in click_more_actions_button\n    task_element = self.wait_for_visibility(task_locator)\nbase/base_page.py:29: in wait_for_visibility\n    return self.wait.until(EC.visibility_of_element_located(locator), timeout)\n../local/lib/python3.11/site-packages/selenium/webdriver/support/wait.py:96: in until\n    value = method(self._driver)\n../local/lib/python3.11/site-packages/selenium/webdriver/support/expected_conditions.py:156: in _predicate\n    return _element_if_visible(driver.find_element(*locator))\n../local/lib/python3.11/site-packages/selenium/webdriver/remote/webdriver.py:766: in find_element\n    return self.execute(Command.FIND_ELEMENT, {\"using\": by, \"value\": value})[\"value\"]\n../local/lib/python3.11/site-packages/selenium/webdriver/remote/webdriver.py:380: in execute\n    self.error_handler.check_response(response)\n_ _ _ _ _ _ _ _ _ _ _ _ _ _ _ _ _ _ _ _ _ _ _ _ _ _ _ _ _ _ _ _ _ _ _ _ _ _ _ _ \n\nself = <selenium.webdriver.remote.errorhandler.ErrorHandler object at 0x7f02624a6cd0>\nresponse = {'status': 500, 'value': '{\"value\":{\"data\":{\"text\":\"{Alert text : \"},\"error\":\"unexpected alert open\",\"message\":\"unexpected alert open: {Alert text : }\\\\n  (Session info: headless chrome=112.0.5615.165)\",\"stacktrace\":\"\"}}'}\n\n    def check_response(self, response: Dict[str, Any]) -> None:\n        \"\"\"Checks that a JSON response from the WebDriver does not have an\n        error.\n    \n        :Args:\n         - response - The JSON response from the WebDriver server as a dictionary\n           object.\n    \n        :Raises: If the response contains an error message.\n        \"\"\"\n        status = response.get(\"status\", None)\n        if not status or status == ErrorCode.SUCCESS:\n            return\n        value = None\n        message = response.get(\"message\", \"\")\n        screen: str = response.get(\"screen\", \"\")\n        stacktrace = None\n        if isinstance(status, int):\n            value_json = response.get(\"value\", None)\n            if value_json and isinstance(value_json, str):\n                import json\n    \n                try:\n                    value = json.loads(value_json)\n                    if len(value) == 1:\n                        value = value[\"value\"]\n                    status = value.get(\"error\", None)\n                    if not status:\n                        status = value.get(\"status\", ErrorCode.UNKNOWN_ERROR)\n                        message = value.get(\"value\") or value.get(\"message\")\n                        if not isinstance(message, str):\n                            value = message\n                            message = message.get(\"message\")\n                    else:\n                        message = value.get(\"message\", None)\n                except ValueError:\n                    pass\n    \n        exception_class: Type[WebDriverException]\n        e = ErrorCode()\n        error_codes = [item for item in dir(e) if not item.startswith(\"__\")]\n        for error_code in error_codes:\n            error_info = getattr(ErrorCode, error_code)\n            if isinstance(error_info, list) and status in error_info:\n                exception_class = getattr(ExceptionMapping, error_code, WebDriverException)\n                break\n        else:\n            exception_class = WebDriverException\n    \n        if not value:\n            value = response[\"value\"]\n        if isinstance(value, str):\n            raise exception_class(value)\n        if message == \"\" and \"message\" in value:\n            message = value[\"message\"]\n    \n        screen = None  # type: ignore[assignment]\n        if \"screen\" in value:\n            screen = value[\"screen\"]\n    \n        stacktrace = None\n        st_value = value.get(\"stackTrace\") or value.get(\"stacktrace\")\n        if st_value:\n            if isinstance(st_value, str):\n                stacktrace = st_value.split(\"\\n\")\n            else:\n                stacktrace = []\n                try:\n                    for frame in st_value:\n                        line = frame.get(\"lineNumber\", \"\")\n                        file = frame.get(\"fileName\", \"<anonymous>\")\n                        if line:\n                            file = f\"{file}:{line}\"\n                        meth = frame.get(\"methodName\", \"<anonymous>\")\n                        if \"className\" in frame:\n                            meth = f\"{frame['className']}.{meth}\"\n                        msg = \"    at %s (%s)\"\n                        msg = msg % (meth, file)\n                        stacktrace.append(msg)\n                except TypeError:\n                    pass\n        if exception_class == UnexpectedAlertPresentException:\n            alert_text = None\n            if \"data\" in value:\n                alert_text = value[\"data\"].get(\"text\")\n            elif \"alert\" in value:\n                alert_text = value[\"alert\"].get(\"text\")\n>           raise exception_class(message, screen, stacktrace, alert_text)  # type: ignore[call-arg]  # mypy is not smart enough here\nE           selenium.common.exceptions.UnexpectedAlertPresentException: Alert Text: {Alert text : \nE           Message: unexpected alert open: {Alert text : }\nE             (Session info: headless chrome=112.0.5615.165)\n\n../local/lib/python3.11/site-packages/selenium/webdriver/remote/errorhandler.py:228: UnexpectedAlertPresentException",
    "steps" : [ {
      "name" : "Click on the \"Add task\" button.",
      "time" : {
        "start" : 1735828444118,
        "stop" : 1735828444962,
        "duration" : 844
      },
      "status" : "passed",
      "steps" : [ ],
      "attachments" : [ ],
      "parameters" : [ ],
      "attachmentsCount" : 0,
      "shouldDisplayMessage" : false,
      "stepsCount" : 0,
      "hasContent" : false
    }, {
      "name" : "Enter task name into the \"Task name\" field.",
      "time" : {
        "start" : 1735828444963,
        "stop" : 1735828445820,
        "duration" : 857
      },
      "status" : "passed",
      "steps" : [ ],
      "attachments" : [ ],
      "parameters" : [ {
        "name" : "task_name",
        "value" : "'Clear back low street moment break. https://www.youtube.com/'"
      } ],
      "attachmentsCount" : 0,
      "shouldDisplayMessage" : false,
      "stepsCount" : 0,
      "hasContent" : true
    }, {
      "name" : "Click on the submit \"Add task\" button.",
      "time" : {
        "start" : 1735828445821,
        "stop" : 1735828446981,
        "duration" : 1160
      },
      "status" : "passed",
      "steps" : [ ],
      "attachments" : [ ],
      "parameters" : [ ],
      "attachmentsCount" : 0,
      "shouldDisplayMessage" : false,
      "stepsCount" : 0,
      "hasContent" : false
    }, {
      "name" : "Click on the \"Search\" button.",
      "time" : {
        "start" : 1735828446982,
        "stop" : 1735828447224,
        "duration" : 242
      },
      "status" : "passed",
      "steps" : [ ],
      "attachments" : [ ],
      "parameters" : [ ],
      "attachmentsCount" : 0,
      "shouldDisplayMessage" : false,
      "stepsCount" : 0,
      "hasContent" : false
    }, {
      "name" : "Enter search request into the search input field.",
      "time" : {
        "start" : 1735828447224,
        "stop" : 1735828447614,
        "duration" : 390
      },
      "status" : "passed",
      "steps" : [ ],
      "attachments" : [ ],
      "parameters" : [ {
        "name" : "request",
        "value" : "'https://www.youtube.com/'"
      } ],
      "attachmentsCount" : 0,
      "shouldDisplayMessage" : false,
      "stepsCount" : 0,
      "hasContent" : true
    }, {
      "name" : "Press \"Enter\".",
      "time" : {
        "start" : 1735828447614,
        "stop" : 1735828447864,
        "duration" : 250
      },
      "status" : "passed",
      "steps" : [ ],
      "attachments" : [ ],
      "parameters" : [ ],
      "attachmentsCount" : 0,
      "shouldDisplayMessage" : false,
      "stepsCount" : 0,
      "hasContent" : false
    }, {
      "name" : "Verify that the page heading contains search result.",
      "time" : {
        "start" : 1735828447865,
        "stop" : 1735828447923,
        "duration" : 58
      },
      "status" : "passed",
      "steps" : [ ],
      "attachments" : [ ],
      "parameters" : [ {
        "name" : "text",
        "value" : "'https://www.youtube.com/'"
      } ],
      "attachmentsCount" : 0,
      "shouldDisplayMessage" : false,
      "stepsCount" : 0,
      "hasContent" : true
    }, {
      "name" : "Verify that the task list contains the task.",
      "time" : {
        "start" : 1735828447923,
        "stop" : 1735828447944,
        "duration" : 21
      },
      "status" : "passed",
      "steps" : [ ],
      "attachments" : [ ],
      "parameters" : [ {
        "name" : "task_name",
        "value" : "'Clear back low street moment break.'"
      } ],
      "attachmentsCount" : 0,
      "shouldDisplayMessage" : false,
      "stepsCount" : 0,
      "hasContent" : true
    }, {
      "name" : "Postconditions: Delete the created task.",
      "time" : {
        "start" : 1735828447944,
        "stop" : 1735828450187,
        "duration" : 2243
      },
      "status" : "broken",
      "statusMessage" : "selenium.common.exceptions.UnexpectedAlertPresentException: Alert Text: {Alert text : \nMessage: unexpected alert open: {Alert text : }\n  (Session info: headless chrome=112.0.5615.165)\n\n",
      "statusTrace" : "  File \"/usr/workspace/tests/test_task_search.py\", line 91, in test_task_search_by_link\n    delete_task(task_name)\n  File \"/usr/workspace/conftest.py\", line 123, in delete\n    raise e\n  File \"/usr/workspace/conftest.py\", line 117, in delete\n    home_page.click_more_actions_button(task_name)\n  File \"/usr/local/lib/python3.11/site-packages/allure_commons/_allure.py\", line 192, in impl\n    return func(*a, **kw)\n           ^^^^^^^^^^^^^^\n  File \"/usr/workspace/pages/home_page.py\", line 125, in click_more_actions_button\n    task_element = self.wait_for_visibility(task_locator)\n                   ^^^^^^^^^^^^^^^^^^^^^^^^^^^^^^^^^^^^^^\n  File \"/usr/workspace/base/base_page.py\", line 29, in wait_for_visibility\n    return self.wait.until(EC.visibility_of_element_located(locator), timeout)\n           ^^^^^^^^^^^^^^^^^^^^^^^^^^^^^^^^^^^^^^^^^^^^^^^^^^^^^^^^^^^^^^^^^^^\n  File \"/usr/local/lib/python3.11/site-packages/selenium/webdriver/support/wait.py\", line 96, in until\n    value = method(self._driver)\n            ^^^^^^^^^^^^^^^^^^^^\n  File \"/usr/local/lib/python3.11/site-packages/selenium/webdriver/support/expected_conditions.py\", line 156, in _predicate\n    return _element_if_visible(driver.find_element(*locator))\n                               ^^^^^^^^^^^^^^^^^^^^^^^^^^^^^\n  File \"/usr/local/lib/python3.11/site-packages/selenium/webdriver/remote/webdriver.py\", line 766, in find_element\n    return self.execute(Command.FIND_ELEMENT, {\"using\": by, \"value\": value})[\"value\"]\n           ^^^^^^^^^^^^^^^^^^^^^^^^^^^^^^^^^^^^^^^^^^^^^^^^^^^^^^^^^^^^^^^^^\n  File \"/usr/local/lib/python3.11/site-packages/selenium/webdriver/remote/webdriver.py\", line 380, in execute\n    self.error_handler.check_response(response)\n  File \"/usr/local/lib/python3.11/site-packages/selenium/webdriver/remote/errorhandler.py\", line 228, in check_response\n    raise exception_class(message, screen, stacktrace, alert_text)  # type: ignore[call-arg]  # mypy is not smart enough here\n    ^^^^^^^^^^^^^^^^^^^^^^^^^^^^^^^^^^^^^^^^^^^^^^^^^^^^^^^^^^^^^^\n",
      "steps" : [ {
        "name" : "Open the page https://app.todoist.com/app/today.",
        "time" : {
          "start" : 1735828448944,
          "stop" : 1735828448947,
          "duration" : 3
        },
        "status" : "passed",
        "steps" : [ ],
        "attachments" : [ ],
        "parameters" : [ ],
        "attachmentsCount" : 0,
        "shouldDisplayMessage" : false,
        "stepsCount" : 0,
        "hasContent" : false
      }, {
        "name" : "Click on the \"More actions\" button on the task.",
        "time" : {
          "start" : 1735828449947,
          "stop" : 1735828449951,
          "duration" : 4
        },
        "status" : "broken",
        "statusMessage" : "selenium.common.exceptions.UnexpectedAlertPresentException: Alert Text: {Alert text : \nMessage: unexpected alert open: {Alert text : }\n  (Session info: headless chrome=112.0.5615.165)\n\n",
        "statusTrace" : "  File \"/usr/local/lib/python3.11/site-packages/allure_commons/_allure.py\", line 192, in impl\n    return func(*a, **kw)\n           ^^^^^^^^^^^^^^\n  File \"/usr/workspace/pages/home_page.py\", line 125, in click_more_actions_button\n    task_element = self.wait_for_visibility(task_locator)\n                   ^^^^^^^^^^^^^^^^^^^^^^^^^^^^^^^^^^^^^^\n  File \"/usr/workspace/base/base_page.py\", line 29, in wait_for_visibility\n    return self.wait.until(EC.visibility_of_element_located(locator), timeout)\n           ^^^^^^^^^^^^^^^^^^^^^^^^^^^^^^^^^^^^^^^^^^^^^^^^^^^^^^^^^^^^^^^^^^^\n  File \"/usr/local/lib/python3.11/site-packages/selenium/webdriver/support/wait.py\", line 96, in until\n    value = method(self._driver)\n            ^^^^^^^^^^^^^^^^^^^^\n  File \"/usr/local/lib/python3.11/site-packages/selenium/webdriver/support/expected_conditions.py\", line 156, in _predicate\n    return _element_if_visible(driver.find_element(*locator))\n                               ^^^^^^^^^^^^^^^^^^^^^^^^^^^^^\n  File \"/usr/local/lib/python3.11/site-packages/selenium/webdriver/remote/webdriver.py\", line 766, in find_element\n    return self.execute(Command.FIND_ELEMENT, {\"using\": by, \"value\": value})[\"value\"]\n           ^^^^^^^^^^^^^^^^^^^^^^^^^^^^^^^^^^^^^^^^^^^^^^^^^^^^^^^^^^^^^^^^^\n  File \"/usr/local/lib/python3.11/site-packages/selenium/webdriver/remote/webdriver.py\", line 380, in execute\n    self.error_handler.check_response(response)\n  File \"/usr/local/lib/python3.11/site-packages/selenium/webdriver/remote/errorhandler.py\", line 228, in check_response\n    raise exception_class(message, screen, stacktrace, alert_text)  # type: ignore[call-arg]  # mypy is not smart enough here\n    ^^^^^^^^^^^^^^^^^^^^^^^^^^^^^^^^^^^^^^^^^^^^^^^^^^^^^^^^^^^^^^\n",
        "steps" : [ ],
        "attachments" : [ ],
        "parameters" : [ {
          "name" : "task_name",
          "value" : "'Clear back low street moment break.'"
        } ],
        "attachmentsCount" : 0,
        "shouldDisplayMessage" : true,
        "stepsCount" : 0,
        "hasContent" : true
      } ],
      "attachments" : [ {
        "uid" : "48060d3aeb3a299a",
        "name" : "Task Deletion Failed",
        "source" : "48060d3aeb3a299a.png",
        "type" : "image/png",
        "size" : 142981
      } ],
      "parameters" : [ ],
      "attachmentsCount" : 1,
      "shouldDisplayMessage" : false,
      "stepsCount" : 2,
      "hasContent" : true
    } ],
    "attachments" : [ ],
    "parameters" : [ ],
    "attachmentsCount" : 1,
    "shouldDisplayMessage" : true,
    "stepsCount" : 11,
    "hasContent" : true
  },
  "afterStages" : [ {
    "name" : "driver::0",
    "time" : {
      "start" : 1735828450222,
      "stop" : 1735828450222,
      "duration" : 0
    },
    "status" : "passed",
    "steps" : [ ],
    "attachments" : [ ],
    "parameters" : [ ],
    "attachmentsCount" : 0,
    "shouldDisplayMessage" : false,
    "stepsCount" : 0,
    "hasContent" : false
  } ],
  "labels" : [ {
    "name" : "severity",
    "value" : "normal"
  }, {
    "name" : "feature",
    "value" : "Task Search"
  }, {
    "name" : "tag",
    "value" : "regression"
  }, {
    "name" : "tag",
    "value" : "order(36)"
  }, {
    "name" : "parentSuite",
    "value" : "tests"
  }, {
    "name" : "suite",
    "value" : "test_task_search"
  }, {
    "name" : "subSuite",
    "value" : "TestTaskSearch"
  }, {
    "name" : "host",
    "value" : "d1ed54e2cebd"
  }, {
    "name" : "thread",
    "value" : "1-MainThread"
  }, {
    "name" : "framework",
    "value" : "pytest"
  }, {
    "name" : "language",
    "value" : "cpython3"
  }, {
    "name" : "package",
    "value" : "tests.test_task_search"
  }, {
    "name" : "resultFormat",
    "value" : "allure2"
  } ],
  "parameters" : [ ],
  "links" : [ ],
  "hidden" : false,
  "retry" : false,
  "extra" : {
    "severity" : "normal",
    "retries" : [ ],
    "categories" : [ {
      "name" : "Test defects",
      "matchedStatuses" : [ ],
      "flaky" : false
    } ],
    "history" : {
      "statistic" : {
        "failed" : 0,
        "broken" : 1,
        "skipped" : 0,
        "passed" : 2,
        "unknown" : 0,
        "total" : 3
      },
      "items" : [ {
        "uid" : "5afd36285d842432",
        "status" : "passed",
        "time" : {
          "start" : 1735822299488,
          "stop" : 1735822309325,
          "duration" : 9837
        }
      }, {
        "uid" : "797c899bd8bdfe76",
        "status" : "passed",
        "time" : {
          "start" : 1735334113705,
          "stop" : 1735334124066,
          "duration" : 10361
        }
      } ]
    },
    "tags" : [ "regression", "order(36)" ]
  },
  "source" : "881d748ad9775bfa.json",
  "parameterValues" : [ ]
}