{
  "uid" : "8dc7e2199f8c3b66",
  "name" : "TC14: Successful addition of a sub-task.",
  "fullName" : "tests.test_task_management.TestTaskManagement#test_subtask_creation",
  "historyId" : "274722aef7a3c99280c97b4dbc75ecd6",
  "time" : {
    "start" : 1735834066916,
    "stop" : 1735834091008,
    "duration" : 24092
  },
  "description" : "\n    This test verifies that a sub-task can be successfully added to an existing task.\n    ",
  "descriptionHtml" : "<pre><code>This test verifies that a sub-task can be successfully added to an existing task.\n</code></pre>\n",
  "status" : "broken",
  "statusMessage" : "selenium.common.exceptions.TimeoutException: Message: The sub-task with name \"Thus fast organization nature serious task much leg.\" was not found in the sub-task list.",
  "statusTrace" : "self = <pages.task_page.TaskPage object at 0x7fb0d5954110>\nsubtask_name = 'Thus fast organization nature serious task much leg.'\n\n    @allure.step(\"Verify that the sub-task list contains the sub-task.\")\n    def is_subtask_list_contains_subtask(self, subtask_name):\n        subtask_locator = (\n            \"xpath\", f\"//div[@data-testid='task-main-content-container']//div[text()='{subtask_name}']\")\n        try:\n>           self.wait_for_visibility(subtask_locator)\n\npages/task_page.py:84: \n_ _ _ _ _ _ _ _ _ _ _ _ _ _ _ _ _ _ _ _ _ _ _ _ _ _ _ _ _ _ _ _ _ _ _ _ _ _ _ _ \nbase/base_page.py:29: in wait_for_visibility\n    return self.wait.until(EC.visibility_of_element_located(locator), timeout)\n_ _ _ _ _ _ _ _ _ _ _ _ _ _ _ _ _ _ _ _ _ _ _ _ _ _ _ _ _ _ _ _ _ _ _ _ _ _ _ _ \n\nself = <selenium.webdriver.support.wait.WebDriverWait (session=\"9ab24cce5215abe01de511d75b710487\")>\nmethod = <function visibility_of_element_located.<locals>._predicate at 0x7fb0d65c3d80>\nmessage = 10\n\n    def until(self, method: Callable[[D], Union[Literal[False], T]], message: str = \"\") -> T:\n        \"\"\"Calls the method provided with the driver as an argument until the \\\n        return value does not evaluate to ``False``.\n    \n        :param method: callable(WebDriver)\n        :param message: optional message for :exc:`TimeoutException`\n        :returns: the result of the last call to `method`\n        :raises: :exc:`selenium.common.exceptions.TimeoutException` if timeout occurs\n        \"\"\"\n        screen = None\n        stacktrace = None\n    \n        end_time = time.monotonic() + self._timeout\n        while True:\n            try:\n                value = method(self._driver)\n                if value:\n                    return value\n            except self._ignored_exceptions as exc:\n                screen = getattr(exc, \"screen\", None)\n                stacktrace = getattr(exc, \"stacktrace\", None)\n            if time.monotonic() > end_time:\n                break\n            time.sleep(self._poll)\n>       raise TimeoutException(message, screen, stacktrace)\nE       selenium.common.exceptions.TimeoutException: Message: 10\n\n../local/lib/python3.11/site-packages/selenium/webdriver/support/wait.py:105: TimeoutException\n\nDuring handling of the above exception, another exception occurred:\n\nself = <test_task_management.TestTaskManagement object at 0x7fb0d1cf6bd0>\nlogin = None\ncreate_task = ('Girl call community talk hundred visit everything.', 'Through certainly toward character fear anyone. Prevent popular teacher various small. Far particularly final talk decade upon.', 2)\ndelete_task = <function delete_task.<locals>.delete at 0x7fb0d4891800>\n\n    @pytest.mark.order(14)\n    @pytest.mark.regression\n    @allure.feature(\"Task Management\")\n    @allure.description(\"\"\"\n    This test verifies that a sub-task can be successfully added to an existing task.\n    \"\"\")\n    @allure.severity(allure.severity_level.NORMAL)\n    @allure.title(\"TC14: Successful addition of a sub-task.\")\n    def test_subtask_creation(self, login, create_task, delete_task):\n        task_name, task_description, task_priority = create_task\n        fake = FakeDataGenerator()\n        subtask_name = fake.task_name\n        subtask_description = fake.task_description\n        subtask_priority = random.randint(1, 4)\n        try:\n            # Steps:\n            self.home_page.open_task(task_name)\n            self.task_page.is_opened()\n            self.task_page.click_add_subtask_button()\n            self.task_page.enter_subtask_name(subtask_name)\n            self.task_page.enter_subtask_description(subtask_description)\n            self.task_page.set_subtask_priority(subtask_priority)\n            self.task_page.click_add_task_button()\n            self.task_page.is_subtask_list_contains_subtask(subtask_name)\n            self.task_page.open_subtask(subtask_name)\n            self.task_page.is_task_contains_description(subtask_description)\n            self.task_page.is_task_has_priority(subtask_priority)\n        except Exception as e:\n            take_screenshot(self.driver, \"Subtask Creation Test Failed\")\n>           raise e\n\ntests/test_task_management.py:110: \n_ _ _ _ _ _ _ _ _ _ _ _ _ _ _ _ _ _ _ _ _ _ _ _ _ _ _ _ _ _ _ _ _ _ _ _ _ _ _ _ \ntests/test_task_management.py:104: in test_subtask_creation\n    self.task_page.is_subtask_list_contains_subtask(subtask_name)\n_ _ _ _ _ _ _ _ _ _ _ _ _ _ _ _ _ _ _ _ _ _ _ _ _ _ _ _ _ _ _ _ _ _ _ _ _ _ _ _ \n\nself = <pages.task_page.TaskPage object at 0x7fb0d5954110>\nsubtask_name = 'Thus fast organization nature serious task much leg.'\n\n    @allure.step(\"Verify that the sub-task list contains the sub-task.\")\n    def is_subtask_list_contains_subtask(self, subtask_name):\n        subtask_locator = (\n            \"xpath\", f\"//div[@data-testid='task-main-content-container']//div[text()='{subtask_name}']\")\n        try:\n            self.wait_for_visibility(subtask_locator)\n        except:\n>           raise TimeoutException(\n                f\"The sub-task with name \\\"{subtask_name}\\\" was not found in the sub-task list.\")\nE           selenium.common.exceptions.TimeoutException: Message: The sub-task with name \"Thus fast organization nature serious task much leg.\" was not found in the sub-task list.\n\npages/task_page.py:86: TimeoutException",
  "flaky" : false,
  "newFailed" : false,
  "beforeStages" : [ {
    "name" : "driver",
    "time" : {
      "start" : 1735834057054,
      "stop" : 1735834057386,
      "duration" : 332
    },
    "status" : "passed",
    "steps" : [ ],
    "attachments" : [ ],
    "parameters" : [ ],
    "attachmentsCount" : 0,
    "shouldDisplayMessage" : false,
    "stepsCount" : 0,
    "hasContent" : false
  }, {
    "name" : "create_task",
    "time" : {
      "start" : 1735834063045,
      "stop" : 1735834066915,
      "duration" : 3870
    },
    "status" : "passed",
    "steps" : [ {
      "name" : "Click on the \"Add task\" button.",
      "time" : {
        "start" : 1735834063065,
        "stop" : 1735834064005,
        "duration" : 940
      },
      "status" : "passed",
      "steps" : [ ],
      "attachments" : [ ],
      "parameters" : [ ],
      "attachmentsCount" : 0,
      "shouldDisplayMessage" : false,
      "stepsCount" : 0,
      "hasContent" : false
    }, {
      "name" : "Enter task name into the \"Task name\" field.",
      "time" : {
        "start" : 1735834064006,
        "stop" : 1735834064883,
        "duration" : 877
      },
      "status" : "passed",
      "steps" : [ ],
      "attachments" : [ ],
      "parameters" : [ {
        "name" : "task_name",
        "value" : "'Girl call community talk hundred visit everything.'"
      } ],
      "attachmentsCount" : 0,
      "shouldDisplayMessage" : false,
      "stepsCount" : 0,
      "hasContent" : true
    }, {
      "name" : "Enter description into the \"Description\" field.",
      "time" : {
        "start" : 1735834064883,
        "stop" : 1735834065641,
        "duration" : 758
      },
      "status" : "passed",
      "steps" : [ ],
      "attachments" : [ ],
      "parameters" : [ {
        "name" : "task_description",
        "value" : "'Through certainly toward character fear anyone. Prevent popular teacher various small. Far particularly final talk decade upon.'"
      } ],
      "attachmentsCount" : 0,
      "shouldDisplayMessage" : false,
      "stepsCount" : 0,
      "hasContent" : true
    }, {
      "name" : "Set the task's Priority.",
      "time" : {
        "start" : 1735834065642,
        "stop" : 1735834065802,
        "duration" : 160
      },
      "status" : "passed",
      "steps" : [ ],
      "attachments" : [ ],
      "parameters" : [ {
        "name" : "task_priority",
        "value" : "2"
      } ],
      "attachmentsCount" : 0,
      "shouldDisplayMessage" : false,
      "stepsCount" : 0,
      "hasContent" : true
    }, {
      "name" : "Click on the submit \"Add task\" button.",
      "time" : {
        "start" : 1735834065802,
        "stop" : 1735834066915,
        "duration" : 1113
      },
      "status" : "passed",
      "steps" : [ ],
      "attachments" : [ ],
      "parameters" : [ ],
      "attachmentsCount" : 0,
      "shouldDisplayMessage" : false,
      "stepsCount" : 0,
      "hasContent" : false
    } ],
    "attachments" : [ ],
    "parameters" : [ ],
    "attachmentsCount" : 0,
    "shouldDisplayMessage" : false,
    "stepsCount" : 5,
    "hasContent" : true
  }, {
    "name" : "login",
    "time" : {
      "start" : 1735834057440,
      "stop" : 1735834063045,
      "duration" : 5605
    },
    "status" : "passed",
    "steps" : [ {
      "name" : "Open the page https://app.todoist.com/auth/login.",
      "time" : {
        "start" : 1735834057440,
        "stop" : 1735834058152,
        "duration" : 712
      },
      "status" : "passed",
      "steps" : [ ],
      "attachments" : [ ],
      "parameters" : [ ],
      "attachmentsCount" : 0,
      "shouldDisplayMessage" : false,
      "stepsCount" : 0,
      "hasContent" : false
    }, {
      "name" : "Enter email into the \"Email\" field.",
      "time" : {
        "start" : 1735834058152,
        "stop" : 1735834058281,
        "duration" : 129
      },
      "status" : "passed",
      "steps" : [ ],
      "attachments" : [ ],
      "parameters" : [ {
        "name" : "email",
        "value" : "'seb.bell@ymail.com'"
      } ],
      "attachmentsCount" : 0,
      "shouldDisplayMessage" : false,
      "stepsCount" : 0,
      "hasContent" : true
    }, {
      "name" : "Enter password into the \"Password\" field.",
      "time" : {
        "start" : 1735834058281,
        "stop" : 1735834058384,
        "duration" : 103
      },
      "status" : "passed",
      "steps" : [ ],
      "attachments" : [ ],
      "parameters" : [ {
        "name" : "password",
        "value" : "'h28cnTtBfH3m'"
      } ],
      "attachmentsCount" : 0,
      "shouldDisplayMessage" : false,
      "stepsCount" : 0,
      "hasContent" : true
    }, {
      "name" : "Click on the \"Log in\" button.",
      "time" : {
        "start" : 1735834058385,
        "stop" : 1735834058457,
        "duration" : 72
      },
      "status" : "passed",
      "steps" : [ ],
      "attachments" : [ ],
      "parameters" : [ ],
      "attachmentsCount" : 0,
      "shouldDisplayMessage" : false,
      "stepsCount" : 0,
      "hasContent" : false
    }, {
      "name" : "Verify that the page with the URL https://app.todoist.com/app/today is opened.",
      "time" : {
        "start" : 1735834058457,
        "stop" : 1735834063045,
        "duration" : 4588
      },
      "status" : "passed",
      "steps" : [ ],
      "attachments" : [ ],
      "parameters" : [ ],
      "attachmentsCount" : 0,
      "shouldDisplayMessage" : false,
      "stepsCount" : 0,
      "hasContent" : false
    } ],
    "attachments" : [ ],
    "parameters" : [ ],
    "attachmentsCount" : 0,
    "shouldDisplayMessage" : false,
    "stepsCount" : 5,
    "hasContent" : true
  }, {
    "name" : "setup",
    "time" : {
      "start" : 1735834057386,
      "stop" : 1735834057439,
      "duration" : 53
    },
    "status" : "passed",
    "steps" : [ ],
    "attachments" : [ ],
    "parameters" : [ ],
    "attachmentsCount" : 0,
    "shouldDisplayMessage" : false,
    "stepsCount" : 0,
    "hasContent" : false
  }, {
    "name" : "_session_faker",
    "time" : {
      "start" : 1735833893829,
      "stop" : 1735833893896,
      "duration" : 67
    },
    "status" : "passed",
    "steps" : [ ],
    "attachments" : [ ],
    "parameters" : [ ],
    "attachmentsCount" : 0,
    "shouldDisplayMessage" : false,
    "stepsCount" : 0,
    "hasContent" : false
  }, {
    "name" : "delete_task",
    "time" : {
      "start" : 1735834066916,
      "stop" : 1735834066916,
      "duration" : 0
    },
    "status" : "passed",
    "steps" : [ ],
    "attachments" : [ ],
    "parameters" : [ ],
    "attachmentsCount" : 0,
    "shouldDisplayMessage" : false,
    "stepsCount" : 0,
    "hasContent" : false
  } ],
  "testStage" : {
    "description" : "\n    This test verifies that a sub-task can be successfully added to an existing task.\n    ",
    "status" : "broken",
    "statusMessage" : "selenium.common.exceptions.TimeoutException: Message: The sub-task with name \"Thus fast organization nature serious task much leg.\" was not found in the sub-task list.",
    "statusTrace" : "self = <pages.task_page.TaskPage object at 0x7fb0d5954110>\nsubtask_name = 'Thus fast organization nature serious task much leg.'\n\n    @allure.step(\"Verify that the sub-task list contains the sub-task.\")\n    def is_subtask_list_contains_subtask(self, subtask_name):\n        subtask_locator = (\n            \"xpath\", f\"//div[@data-testid='task-main-content-container']//div[text()='{subtask_name}']\")\n        try:\n>           self.wait_for_visibility(subtask_locator)\n\npages/task_page.py:84: \n_ _ _ _ _ _ _ _ _ _ _ _ _ _ _ _ _ _ _ _ _ _ _ _ _ _ _ _ _ _ _ _ _ _ _ _ _ _ _ _ \nbase/base_page.py:29: in wait_for_visibility\n    return self.wait.until(EC.visibility_of_element_located(locator), timeout)\n_ _ _ _ _ _ _ _ _ _ _ _ _ _ _ _ _ _ _ _ _ _ _ _ _ _ _ _ _ _ _ _ _ _ _ _ _ _ _ _ \n\nself = <selenium.webdriver.support.wait.WebDriverWait (session=\"9ab24cce5215abe01de511d75b710487\")>\nmethod = <function visibility_of_element_located.<locals>._predicate at 0x7fb0d65c3d80>\nmessage = 10\n\n    def until(self, method: Callable[[D], Union[Literal[False], T]], message: str = \"\") -> T:\n        \"\"\"Calls the method provided with the driver as an argument until the \\\n        return value does not evaluate to ``False``.\n    \n        :param method: callable(WebDriver)\n        :param message: optional message for :exc:`TimeoutException`\n        :returns: the result of the last call to `method`\n        :raises: :exc:`selenium.common.exceptions.TimeoutException` if timeout occurs\n        \"\"\"\n        screen = None\n        stacktrace = None\n    \n        end_time = time.monotonic() + self._timeout\n        while True:\n            try:\n                value = method(self._driver)\n                if value:\n                    return value\n            except self._ignored_exceptions as exc:\n                screen = getattr(exc, \"screen\", None)\n                stacktrace = getattr(exc, \"stacktrace\", None)\n            if time.monotonic() > end_time:\n                break\n            time.sleep(self._poll)\n>       raise TimeoutException(message, screen, stacktrace)\nE       selenium.common.exceptions.TimeoutException: Message: 10\n\n../local/lib/python3.11/site-packages/selenium/webdriver/support/wait.py:105: TimeoutException\n\nDuring handling of the above exception, another exception occurred:\n\nself = <test_task_management.TestTaskManagement object at 0x7fb0d1cf6bd0>\nlogin = None\ncreate_task = ('Girl call community talk hundred visit everything.', 'Through certainly toward character fear anyone. Prevent popular teacher various small. Far particularly final talk decade upon.', 2)\ndelete_task = <function delete_task.<locals>.delete at 0x7fb0d4891800>\n\n    @pytest.mark.order(14)\n    @pytest.mark.regression\n    @allure.feature(\"Task Management\")\n    @allure.description(\"\"\"\n    This test verifies that a sub-task can be successfully added to an existing task.\n    \"\"\")\n    @allure.severity(allure.severity_level.NORMAL)\n    @allure.title(\"TC14: Successful addition of a sub-task.\")\n    def test_subtask_creation(self, login, create_task, delete_task):\n        task_name, task_description, task_priority = create_task\n        fake = FakeDataGenerator()\n        subtask_name = fake.task_name\n        subtask_description = fake.task_description\n        subtask_priority = random.randint(1, 4)\n        try:\n            # Steps:\n            self.home_page.open_task(task_name)\n            self.task_page.is_opened()\n            self.task_page.click_add_subtask_button()\n            self.task_page.enter_subtask_name(subtask_name)\n            self.task_page.enter_subtask_description(subtask_description)\n            self.task_page.set_subtask_priority(subtask_priority)\n            self.task_page.click_add_task_button()\n            self.task_page.is_subtask_list_contains_subtask(subtask_name)\n            self.task_page.open_subtask(subtask_name)\n            self.task_page.is_task_contains_description(subtask_description)\n            self.task_page.is_task_has_priority(subtask_priority)\n        except Exception as e:\n            take_screenshot(self.driver, \"Subtask Creation Test Failed\")\n>           raise e\n\ntests/test_task_management.py:110: \n_ _ _ _ _ _ _ _ _ _ _ _ _ _ _ _ _ _ _ _ _ _ _ _ _ _ _ _ _ _ _ _ _ _ _ _ _ _ _ _ \ntests/test_task_management.py:104: in test_subtask_creation\n    self.task_page.is_subtask_list_contains_subtask(subtask_name)\n_ _ _ _ _ _ _ _ _ _ _ _ _ _ _ _ _ _ _ _ _ _ _ _ _ _ _ _ _ _ _ _ _ _ _ _ _ _ _ _ \n\nself = <pages.task_page.TaskPage object at 0x7fb0d5954110>\nsubtask_name = 'Thus fast organization nature serious task much leg.'\n\n    @allure.step(\"Verify that the sub-task list contains the sub-task.\")\n    def is_subtask_list_contains_subtask(self, subtask_name):\n        subtask_locator = (\n            \"xpath\", f\"//div[@data-testid='task-main-content-container']//div[text()='{subtask_name}']\")\n        try:\n            self.wait_for_visibility(subtask_locator)\n        except:\n>           raise TimeoutException(\n                f\"The sub-task with name \\\"{subtask_name}\\\" was not found in the sub-task list.\")\nE           selenium.common.exceptions.TimeoutException: Message: The sub-task with name \"Thus fast organization nature serious task much leg.\" was not found in the sub-task list.\n\npages/task_page.py:86: TimeoutException",
    "steps" : [ {
      "name" : "Open the task.",
      "time" : {
        "start" : 1735834066918,
        "stop" : 1735834068130,
        "duration" : 1212
      },
      "status" : "passed",
      "steps" : [ ],
      "attachments" : [ ],
      "parameters" : [ {
        "name" : "task_name",
        "value" : "'Girl call community talk hundred visit everything.'"
      } ],
      "attachmentsCount" : 0,
      "shouldDisplayMessage" : false,
      "stepsCount" : 0,
      "hasContent" : true
    }, {
      "name" : "Verify that the page with a URL starting with https://app.todoist.com/app/task is opened.",
      "time" : {
        "start" : 1735834068130,
        "stop" : 1735834068133,
        "duration" : 3
      },
      "status" : "passed",
      "steps" : [ ],
      "attachments" : [ ],
      "parameters" : [ ],
      "attachmentsCount" : 0,
      "shouldDisplayMessage" : false,
      "stepsCount" : 0,
      "hasContent" : false
    }, {
      "name" : "Click on the \"Add sub-task\" button.",
      "time" : {
        "start" : 1735834068133,
        "stop" : 1735834068241,
        "duration" : 108
      },
      "status" : "passed",
      "steps" : [ ],
      "attachments" : [ ],
      "parameters" : [ ],
      "attachmentsCount" : 0,
      "shouldDisplayMessage" : false,
      "stepsCount" : 0,
      "hasContent" : false
    }, {
      "name" : "Enter sub-task name into the \"Task name\" field.",
      "time" : {
        "start" : 1735834068241,
        "stop" : 1735834068851,
        "duration" : 610
      },
      "status" : "passed",
      "steps" : [ ],
      "attachments" : [ ],
      "parameters" : [ {
        "name" : "subtask_name",
        "value" : "'Thus fast organization nature serious task much leg.'"
      } ],
      "attachmentsCount" : 0,
      "shouldDisplayMessage" : false,
      "stepsCount" : 0,
      "hasContent" : true
    }, {
      "name" : "Enter sub-task description into the \"Description\" field.",
      "time" : {
        "start" : 1735834068851,
        "stop" : 1735834069341,
        "duration" : 490
      },
      "status" : "passed",
      "steps" : [ ],
      "attachments" : [ ],
      "parameters" : [ {
        "name" : "subtask_description",
        "value" : "'East kitchen most dark skin stop service. Author firm throw no ok paper. Theory house ability force.'"
      } ],
      "attachmentsCount" : 0,
      "shouldDisplayMessage" : false,
      "stepsCount" : 0,
      "hasContent" : true
    }, {
      "name" : "Set the sub-task's Priority",
      "time" : {
        "start" : 1735834069341,
        "stop" : 1735834069497,
        "duration" : 156
      },
      "status" : "passed",
      "steps" : [ ],
      "attachments" : [ ],
      "parameters" : [ {
        "name" : "priority",
        "value" : "1"
      } ],
      "attachmentsCount" : 0,
      "shouldDisplayMessage" : false,
      "stepsCount" : 0,
      "hasContent" : true
    }, {
      "name" : "Click on the \"Add task\" button.",
      "time" : {
        "start" : 1735834069497,
        "stop" : 1735834069766,
        "duration" : 269
      },
      "status" : "passed",
      "steps" : [ ],
      "attachments" : [ ],
      "parameters" : [ ],
      "attachmentsCount" : 0,
      "shouldDisplayMessage" : false,
      "stepsCount" : 0,
      "hasContent" : false
    }, {
      "name" : "Verify that the sub-task list contains the sub-task.",
      "time" : {
        "start" : 1735834069766,
        "stop" : 1735834084866,
        "duration" : 15100
      },
      "status" : "broken",
      "statusMessage" : "selenium.common.exceptions.TimeoutException: Message: The sub-task with name \"Thus fast organization nature serious task much leg.\" was not found in the sub-task list.\n\n",
      "statusTrace" : "  File \"/usr/local/lib/python3.11/site-packages/allure_commons/_allure.py\", line 192, in impl\n    return func(*a, **kw)\n           ^^^^^^^^^^^^^^\n  File \"/usr/workspace/pages/task_page.py\", line 86, in is_subtask_list_contains_subtask\n    raise TimeoutException(\n",
      "steps" : [ ],
      "attachments" : [ ],
      "parameters" : [ {
        "name" : "subtask_name",
        "value" : "'Thus fast organization nature serious task much leg.'"
      } ],
      "attachmentsCount" : 0,
      "shouldDisplayMessage" : true,
      "stepsCount" : 0,
      "hasContent" : true
    }, {
      "name" : "Postconditions: Delete the created task",
      "time" : {
        "start" : 1735834085004,
        "stop" : 1735834091008,
        "duration" : 6004
      },
      "status" : "passed",
      "steps" : [ {
        "name" : "Open the page https://app.todoist.com/app/today.",
        "time" : {
          "start" : 1735834086004,
          "stop" : 1735834087294,
          "duration" : 1290
        },
        "status" : "passed",
        "steps" : [ ],
        "attachments" : [ ],
        "parameters" : [ ],
        "attachmentsCount" : 0,
        "shouldDisplayMessage" : false,
        "stepsCount" : 0,
        "hasContent" : false
      }, {
        "name" : "Click on the \"More actions\" button on the task.",
        "time" : {
          "start" : 1735834088295,
          "stop" : 1735834088802,
          "duration" : 507
        },
        "status" : "passed",
        "steps" : [ ],
        "attachments" : [ ],
        "parameters" : [ {
          "name" : "task_name",
          "value" : "'Girl call community talk hundred visit everything.'"
        } ],
        "attachmentsCount" : 0,
        "shouldDisplayMessage" : false,
        "stepsCount" : 0,
        "hasContent" : true
      }, {
        "name" : "Click on the \"Delete\" button.",
        "time" : {
          "start" : 1735834089803,
          "stop" : 1735834089914,
          "duration" : 111
        },
        "status" : "passed",
        "steps" : [ ],
        "attachments" : [ ],
        "parameters" : [ ],
        "attachmentsCount" : 0,
        "shouldDisplayMessage" : false,
        "stepsCount" : 0,
        "hasContent" : false
      }, {
        "name" : "Confirm the deletion.",
        "time" : {
          "start" : 1735834089914,
          "stop" : 1735834091008,
          "duration" : 1094
        },
        "status" : "passed",
        "steps" : [ ],
        "attachments" : [ ],
        "parameters" : [ ],
        "attachmentsCount" : 0,
        "shouldDisplayMessage" : false,
        "stepsCount" : 0,
        "hasContent" : false
      } ],
      "attachments" : [ ],
      "parameters" : [ ],
      "attachmentsCount" : 0,
      "shouldDisplayMessage" : false,
      "stepsCount" : 4,
      "hasContent" : true
    } ],
    "attachments" : [ {
      "uid" : "3fcf13405a6ada36",
      "name" : "Subtask Creation Test Failed",
      "source" : "3fcf13405a6ada36.png",
      "type" : "image/png",
      "size" : 86339
    } ],
    "parameters" : [ ],
    "attachmentsCount" : 1,
    "shouldDisplayMessage" : true,
    "stepsCount" : 13,
    "hasContent" : true
  },
  "afterStages" : [ {
    "name" : "driver::0",
    "time" : {
      "start" : 1735834091052,
      "stop" : 1735834091052,
      "duration" : 0
    },
    "status" : "passed",
    "steps" : [ ],
    "attachments" : [ ],
    "parameters" : [ ],
    "attachmentsCount" : 0,
    "shouldDisplayMessage" : false,
    "stepsCount" : 0,
    "hasContent" : false
  } ],
  "labels" : [ {
    "name" : "feature",
    "value" : "Task Management"
  }, {
    "name" : "severity",
    "value" : "normal"
  }, {
    "name" : "tag",
    "value" : "regression"
  }, {
    "name" : "tag",
    "value" : "order(14)"
  }, {
    "name" : "parentSuite",
    "value" : "tests"
  }, {
    "name" : "suite",
    "value" : "test_task_management"
  }, {
    "name" : "subSuite",
    "value" : "TestTaskManagement"
  }, {
    "name" : "host",
    "value" : "b5033032763c"
  }, {
    "name" : "thread",
    "value" : "1-MainThread"
  }, {
    "name" : "framework",
    "value" : "pytest"
  }, {
    "name" : "language",
    "value" : "cpython3"
  }, {
    "name" : "package",
    "value" : "tests.test_task_management"
  }, {
    "name" : "resultFormat",
    "value" : "allure2"
  } ],
  "parameters" : [ ],
  "links" : [ ],
  "hidden" : false,
  "retry" : false,
  "extra" : {
    "severity" : "normal",
    "retries" : [ ],
    "categories" : [ {
      "name" : "Test defects",
      "matchedStatuses" : [ ],
      "flaky" : false
    } ],
    "history" : {
      "statistic" : {
        "failed" : 0,
        "broken" : 1,
        "skipped" : 0,
        "passed" : 4,
        "unknown" : 0,
        "total" : 5
      },
      "items" : [ {
        "uid" : "bfb0cab4d287b0f7",
        "status" : "passed",
        "time" : {
          "start" : 1735832190922,
          "stop" : 1735832200684,
          "duration" : 9762
        }
      }, {
        "uid" : "884f6ef90542dfb5",
        "status" : "passed",
        "time" : {
          "start" : 1735828040520,
          "stop" : 1735828050620,
          "duration" : 10100
        }
      }, {
        "uid" : "d6b72137f704e383",
        "status" : "passed",
        "time" : {
          "start" : 1735821903036,
          "stop" : 1735821913453,
          "duration" : 10417
        }
      }, {
        "uid" : "8bd2805d40e68b86",
        "status" : "passed",
        "time" : {
          "start" : 1735333612164,
          "stop" : 1735333620200,
          "duration" : 8036
        }
      } ]
    },
    "tags" : [ "regression", "order(14)" ]
  },
  "source" : "8dc7e2199f8c3b66.json",
  "parameterValues" : [ ]
}