{
  "uid" : "a27e0ee998972505",
  "name" : "TC24: Successful creation of a new Task Board with sections.",
  "fullName" : "tests.test_projects_management.TestProjectsManagement#test_task_board_creation",
  "historyId" : "64c8e5927679bbf1ee8d3029c05bf09d",
  "time" : {
    "start" : 1735828195498,
    "stop" : 1735828220410,
    "duration" : 24912
  },
  "description" : "\n    This test verifies that a new Task Board can be successfully created with multiple sections.\n    ",
  "descriptionHtml" : "<pre><code>This test verifies that a new Task Board can be successfully created with multiple sections.\n</code></pre>\n",
  "status" : "broken",
  "statusMessage" : "selenium.common.exceptions.TimeoutException: Message:",
  "statusTrace" : "self = <test_projects_management.TestProjectsManagement object at 0x7f025d4cd790>\ncreate_account = ('davidjohnson@example.net', 'tweVrx*e&99G', 'Timothy')\ndelete_account = <function delete_account.<locals>.delete at 0x7f02605f8860>\n\n    @pytest.mark.order(24)\n    @pytest.mark.regression\n    @allure.feature(\"Projects Management\")\n    @allure.description(\"\"\"\n    This test verifies that a new Task Board can be successfully created with multiple sections.\n    \"\"\")\n    @allure.severity(allure.severity_level.CRITICAL)\n    @allure.title(\"TC24: Successful creation of a new Task Board with sections.\")\n    def test_task_board_creation(self, create_account, delete_account):\n        email, password, username = create_account\n        fake = FakeDataGenerator()\n        project_name = fake.project_name\n        first_section_name = \"To Do\"\n        second_section_name = \"In Progress\"\n        third_section_name = \"Done\"\n        try:\n            # Steps:\n            self.home_page.click_my_projects_button()\n            self.projects_page.is_opened()\n            self.projects_page.click_my_projects_menu_button()\n            self.projects_page.click_add_project_button()\n            self.projects_page.enter_project_name(project_name)\n            self.projects_page.choose_board()\n            self.projects_page.click_add_button()\n            self.projects_page.is_my_projects_section_contains_project(project_name)\n            self.projects_page.is_board_sections_visible()\n            self.projects_page.enter_section_name(first_section_name)\n            self.projects_page.click_confirm_add_section_button()\n            self.projects_page.click_add_section_button()\n            self.projects_page.enter_section_name(second_section_name)\n            self.projects_page.click_confirm_add_section_button()\n            self.projects_page.click_add_section_button()\n            self.projects_page.enter_section_name(third_section_name)\n            self.projects_page.click_confirm_add_section_button()\n            self.projects_page.is_board_contains_section(first_section_name)\n            self.projects_page.is_board_contains_section(second_section_name)\n            self.projects_page.is_board_contains_section(third_section_name)\n        except Exception as e:\n            take_screenshot(self.driver, \"Task Board Creation Test Failed\")\n>           raise e\n\ntests/test_projects_management.py:79: \n_ _ _ _ _ _ _ _ _ _ _ _ _ _ _ _ _ _ _ _ _ _ _ _ _ _ _ _ _ _ _ _ _ _ _ _ _ _ _ _ \ntests/test_projects_management.py:69: in test_task_board_creation\n    self.projects_page.enter_section_name(second_section_name)\npages/projects_page.py:78: in enter_section_name\n    self.enter_text(self.NAME_THIS_SECTION_FIELD, section_name)\nbase/base_page.py:24: in enter_text\n    element = self.wait.until(EC.element_to_be_clickable(locator))\n_ _ _ _ _ _ _ _ _ _ _ _ _ _ _ _ _ _ _ _ _ _ _ _ _ _ _ _ _ _ _ _ _ _ _ _ _ _ _ _ \n\nself = <selenium.webdriver.support.wait.WebDriverWait (session=\"ff6cb73cbc300776d43329536655eb07\")>\nmethod = <function element_to_be_clickable.<locals>._predicate at 0x7f0260099800>\nmessage = ''\n\n    def until(self, method: Callable[[D], Union[Literal[False], T]], message: str = \"\") -> T:\n        \"\"\"Calls the method provided with the driver as an argument until the \\\n        return value does not evaluate to ``False``.\n    \n        :param method: callable(WebDriver)\n        :param message: optional message for :exc:`TimeoutException`\n        :returns: the result of the last call to `method`\n        :raises: :exc:`selenium.common.exceptions.TimeoutException` if timeout occurs\n        \"\"\"\n        screen = None\n        stacktrace = None\n    \n        end_time = time.monotonic() + self._timeout\n        while True:\n            try:\n                value = method(self._driver)\n                if value:\n                    return value\n            except self._ignored_exceptions as exc:\n                screen = getattr(exc, \"screen\", None)\n                stacktrace = getattr(exc, \"stacktrace\", None)\n            if time.monotonic() > end_time:\n                break\n            time.sleep(self._poll)\n>       raise TimeoutException(message, screen, stacktrace)\nE       selenium.common.exceptions.TimeoutException: Message:\n\n../local/lib/python3.11/site-packages/selenium/webdriver/support/wait.py:105: TimeoutException",
  "flaky" : false,
  "newFailed" : false,
  "beforeStages" : [ {
    "name" : "delete_account",
    "time" : {
      "start" : 1735828195498,
      "stop" : 1735828195498,
      "duration" : 0
    },
    "status" : "passed",
    "steps" : [ ],
    "attachments" : [ ],
    "parameters" : [ ],
    "attachmentsCount" : 0,
    "shouldDisplayMessage" : false,
    "stepsCount" : 0,
    "hasContent" : false
  }, {
    "name" : "_session_faker",
    "time" : {
      "start" : 1735827852795,
      "stop" : 1735827852859,
      "duration" : 64
    },
    "status" : "passed",
    "steps" : [ ],
    "attachments" : [ ],
    "parameters" : [ ],
    "attachmentsCount" : 0,
    "shouldDisplayMessage" : false,
    "stepsCount" : 0,
    "hasContent" : false
  }, {
    "name" : "setup",
    "time" : {
      "start" : 1735828186680,
      "stop" : 1735828186733,
      "duration" : 53
    },
    "status" : "passed",
    "steps" : [ ],
    "attachments" : [ ],
    "parameters" : [ ],
    "attachmentsCount" : 0,
    "shouldDisplayMessage" : false,
    "stepsCount" : 0,
    "hasContent" : false
  }, {
    "name" : "driver",
    "time" : {
      "start" : 1735828186297,
      "stop" : 1735828186680,
      "duration" : 383
    },
    "status" : "passed",
    "steps" : [ ],
    "attachments" : [ ],
    "parameters" : [ ],
    "attachmentsCount" : 0,
    "shouldDisplayMessage" : false,
    "stepsCount" : 0,
    "hasContent" : false
  }, {
    "name" : "create_account",
    "time" : {
      "start" : 1735828186733,
      "stop" : 1735828195498,
      "duration" : 8765
    },
    "status" : "passed",
    "steps" : [ {
      "name" : "Open the page https://app.todoist.com/auth/signup.",
      "time" : {
        "start" : 1735828186735,
        "stop" : 1735828187294,
        "duration" : 559
      },
      "status" : "passed",
      "steps" : [ ],
      "attachments" : [ ],
      "parameters" : [ ],
      "attachmentsCount" : 0,
      "shouldDisplayMessage" : false,
      "stepsCount" : 0,
      "hasContent" : false
    }, {
      "name" : "Enter email into the \"Email\" field.",
      "time" : {
        "start" : 1735828187294,
        "stop" : 1735828188458,
        "duration" : 1164
      },
      "status" : "passed",
      "steps" : [ ],
      "attachments" : [ ],
      "parameters" : [ {
        "name" : "email",
        "value" : "'davidjohnson@example.net'"
      } ],
      "attachmentsCount" : 0,
      "shouldDisplayMessage" : false,
      "stepsCount" : 0,
      "hasContent" : true
    }, {
      "name" : "Enter password into the \"Password\" field.",
      "time" : {
        "start" : 1735828188458,
        "stop" : 1735828188559,
        "duration" : 101
      },
      "status" : "passed",
      "steps" : [ ],
      "attachments" : [ ],
      "parameters" : [ {
        "name" : "password",
        "value" : "'tweVrx*e&99G'"
      } ],
      "attachmentsCount" : 0,
      "shouldDisplayMessage" : false,
      "stepsCount" : 0,
      "hasContent" : true
    }, {
      "name" : "Click on the \"Sign up with Email\" button.",
      "time" : {
        "start" : 1735828188560,
        "stop" : 1735828188631,
        "duration" : 71
      },
      "status" : "passed",
      "steps" : [ ],
      "attachments" : [ ],
      "parameters" : [ ],
      "attachmentsCount" : 0,
      "shouldDisplayMessage" : false,
      "stepsCount" : 0,
      "hasContent" : false
    }, {
      "name" : "Enter username into the \"Your name\" field.",
      "time" : {
        "start" : 1735828188631,
        "stop" : 1735828193319,
        "duration" : 4688
      },
      "status" : "passed",
      "steps" : [ ],
      "attachments" : [ ],
      "parameters" : [ {
        "name" : "username",
        "value" : "'Timothy'"
      } ],
      "attachmentsCount" : 0,
      "shouldDisplayMessage" : false,
      "stepsCount" : 0,
      "hasContent" : true
    }, {
      "name" : "Click on the \"Continue\" button.",
      "time" : {
        "start" : 1735828193319,
        "stop" : 1735828193788,
        "duration" : 469
      },
      "status" : "passed",
      "steps" : [ ],
      "attachments" : [ ],
      "parameters" : [ ],
      "attachmentsCount" : 0,
      "shouldDisplayMessage" : false,
      "stepsCount" : 0,
      "hasContent" : false
    }, {
      "name" : "Select \"Personal\" checkbox.",
      "time" : {
        "start" : 1735828193788,
        "stop" : 1735828193851,
        "duration" : 63
      },
      "status" : "passed",
      "steps" : [ ],
      "attachments" : [ ],
      "parameters" : [ ],
      "attachmentsCount" : 0,
      "shouldDisplayMessage" : false,
      "stepsCount" : 0,
      "hasContent" : false
    }, {
      "name" : "Click on the \"Launch Todoist\" button.",
      "time" : {
        "start" : 1735828193851,
        "stop" : 1735828195473,
        "duration" : 1622
      },
      "status" : "passed",
      "steps" : [ ],
      "attachments" : [ ],
      "parameters" : [ ],
      "attachmentsCount" : 0,
      "shouldDisplayMessage" : false,
      "stepsCount" : 0,
      "hasContent" : false
    }, {
      "name" : "Verify that the page with the URL https://app.todoist.com/app/today is opened.",
      "time" : {
        "start" : 1735828195473,
        "stop" : 1735828195498,
        "duration" : 25
      },
      "status" : "passed",
      "steps" : [ ],
      "attachments" : [ ],
      "parameters" : [ ],
      "attachmentsCount" : 0,
      "shouldDisplayMessage" : false,
      "stepsCount" : 0,
      "hasContent" : false
    } ],
    "attachments" : [ ],
    "parameters" : [ ],
    "attachmentsCount" : 0,
    "shouldDisplayMessage" : false,
    "stepsCount" : 9,
    "hasContent" : true
  } ],
  "testStage" : {
    "description" : "\n    This test verifies that a new Task Board can be successfully created with multiple sections.\n    ",
    "status" : "broken",
    "statusMessage" : "selenium.common.exceptions.TimeoutException: Message:",
    "statusTrace" : "self = <test_projects_management.TestProjectsManagement object at 0x7f025d4cd790>\ncreate_account = ('davidjohnson@example.net', 'tweVrx*e&99G', 'Timothy')\ndelete_account = <function delete_account.<locals>.delete at 0x7f02605f8860>\n\n    @pytest.mark.order(24)\n    @pytest.mark.regression\n    @allure.feature(\"Projects Management\")\n    @allure.description(\"\"\"\n    This test verifies that a new Task Board can be successfully created with multiple sections.\n    \"\"\")\n    @allure.severity(allure.severity_level.CRITICAL)\n    @allure.title(\"TC24: Successful creation of a new Task Board with sections.\")\n    def test_task_board_creation(self, create_account, delete_account):\n        email, password, username = create_account\n        fake = FakeDataGenerator()\n        project_name = fake.project_name\n        first_section_name = \"To Do\"\n        second_section_name = \"In Progress\"\n        third_section_name = \"Done\"\n        try:\n            # Steps:\n            self.home_page.click_my_projects_button()\n            self.projects_page.is_opened()\n            self.projects_page.click_my_projects_menu_button()\n            self.projects_page.click_add_project_button()\n            self.projects_page.enter_project_name(project_name)\n            self.projects_page.choose_board()\n            self.projects_page.click_add_button()\n            self.projects_page.is_my_projects_section_contains_project(project_name)\n            self.projects_page.is_board_sections_visible()\n            self.projects_page.enter_section_name(first_section_name)\n            self.projects_page.click_confirm_add_section_button()\n            self.projects_page.click_add_section_button()\n            self.projects_page.enter_section_name(second_section_name)\n            self.projects_page.click_confirm_add_section_button()\n            self.projects_page.click_add_section_button()\n            self.projects_page.enter_section_name(third_section_name)\n            self.projects_page.click_confirm_add_section_button()\n            self.projects_page.is_board_contains_section(first_section_name)\n            self.projects_page.is_board_contains_section(second_section_name)\n            self.projects_page.is_board_contains_section(third_section_name)\n        except Exception as e:\n            take_screenshot(self.driver, \"Task Board Creation Test Failed\")\n>           raise e\n\ntests/test_projects_management.py:79: \n_ _ _ _ _ _ _ _ _ _ _ _ _ _ _ _ _ _ _ _ _ _ _ _ _ _ _ _ _ _ _ _ _ _ _ _ _ _ _ _ \ntests/test_projects_management.py:69: in test_task_board_creation\n    self.projects_page.enter_section_name(second_section_name)\npages/projects_page.py:78: in enter_section_name\n    self.enter_text(self.NAME_THIS_SECTION_FIELD, section_name)\nbase/base_page.py:24: in enter_text\n    element = self.wait.until(EC.element_to_be_clickable(locator))\n_ _ _ _ _ _ _ _ _ _ _ _ _ _ _ _ _ _ _ _ _ _ _ _ _ _ _ _ _ _ _ _ _ _ _ _ _ _ _ _ \n\nself = <selenium.webdriver.support.wait.WebDriverWait (session=\"ff6cb73cbc300776d43329536655eb07\")>\nmethod = <function element_to_be_clickable.<locals>._predicate at 0x7f0260099800>\nmessage = ''\n\n    def until(self, method: Callable[[D], Union[Literal[False], T]], message: str = \"\") -> T:\n        \"\"\"Calls the method provided with the driver as an argument until the \\\n        return value does not evaluate to ``False``.\n    \n        :param method: callable(WebDriver)\n        :param message: optional message for :exc:`TimeoutException`\n        :returns: the result of the last call to `method`\n        :raises: :exc:`selenium.common.exceptions.TimeoutException` if timeout occurs\n        \"\"\"\n        screen = None\n        stacktrace = None\n    \n        end_time = time.monotonic() + self._timeout\n        while True:\n            try:\n                value = method(self._driver)\n                if value:\n                    return value\n            except self._ignored_exceptions as exc:\n                screen = getattr(exc, \"screen\", None)\n                stacktrace = getattr(exc, \"stacktrace\", None)\n            if time.monotonic() > end_time:\n                break\n            time.sleep(self._poll)\n>       raise TimeoutException(message, screen, stacktrace)\nE       selenium.common.exceptions.TimeoutException: Message:\n\n../local/lib/python3.11/site-packages/selenium/webdriver/support/wait.py:105: TimeoutException",
    "steps" : [ {
      "name" : "Click on the \"My Projects\" button.",
      "time" : {
        "start" : 1735828195502,
        "stop" : 1735828195704,
        "duration" : 202
      },
      "status" : "passed",
      "steps" : [ ],
      "attachments" : [ ],
      "parameters" : [ ],
      "attachmentsCount" : 0,
      "shouldDisplayMessage" : false,
      "stepsCount" : 0,
      "hasContent" : false
    }, {
      "name" : "Verify that the page with a URL starting with https://app.todoist.com/app/project is opened.",
      "time" : {
        "start" : 1735828195704,
        "stop" : 1735828195710,
        "duration" : 6
      },
      "status" : "passed",
      "steps" : [ ],
      "attachments" : [ ],
      "parameters" : [ ],
      "attachmentsCount" : 0,
      "shouldDisplayMessage" : false,
      "stepsCount" : 0,
      "hasContent" : false
    }, {
      "name" : "Click on the \"My projects menu\" button.",
      "time" : {
        "start" : 1735828195710,
        "stop" : 1735828195856,
        "duration" : 146
      },
      "status" : "passed",
      "steps" : [ ],
      "attachments" : [ ],
      "parameters" : [ ],
      "attachmentsCount" : 0,
      "shouldDisplayMessage" : false,
      "stepsCount" : 0,
      "hasContent" : false
    }, {
      "name" : "Click on the \"Add project\" button.",
      "time" : {
        "start" : 1735828195856,
        "stop" : 1735828195970,
        "duration" : 114
      },
      "status" : "passed",
      "steps" : [ ],
      "attachments" : [ ],
      "parameters" : [ ],
      "attachmentsCount" : 0,
      "shouldDisplayMessage" : false,
      "stepsCount" : 0,
      "hasContent" : false
    }, {
      "name" : "Enter project name into the \"Name\" field.",
      "time" : {
        "start" : 1735828195970,
        "stop" : 1735828196148,
        "duration" : 178
      },
      "status" : "passed",
      "steps" : [ ],
      "attachments" : [ ],
      "parameters" : [ {
        "name" : "project_name",
        "value" : "'VIEW I GROW'"
      } ],
      "attachmentsCount" : 0,
      "shouldDisplayMessage" : false,
      "stepsCount" : 0,
      "hasContent" : true
    }, {
      "name" : "Choose Board as the project type.",
      "time" : {
        "start" : 1735828196148,
        "stop" : 1735828196224,
        "duration" : 76
      },
      "status" : "passed",
      "steps" : [ ],
      "attachments" : [ ],
      "parameters" : [ ],
      "attachmentsCount" : 0,
      "shouldDisplayMessage" : false,
      "stepsCount" : 0,
      "hasContent" : false
    }, {
      "name" : "Click on the \"Add\" button.",
      "time" : {
        "start" : 1735828196224,
        "stop" : 1735828197472,
        "duration" : 1248
      },
      "status" : "passed",
      "steps" : [ ],
      "attachments" : [ ],
      "parameters" : [ ],
      "attachmentsCount" : 0,
      "shouldDisplayMessage" : false,
      "stepsCount" : 0,
      "hasContent" : false
    }, {
      "name" : "Verify that a project appears in the My Projects section.",
      "time" : {
        "start" : 1735828197472,
        "stop" : 1735828197489,
        "duration" : 17
      },
      "status" : "passed",
      "steps" : [ ],
      "attachments" : [ ],
      "parameters" : [ {
        "name" : "project_name",
        "value" : "'VIEW I GROW'"
      } ],
      "attachmentsCount" : 0,
      "shouldDisplayMessage" : false,
      "stepsCount" : 0,
      "hasContent" : true
    }, {
      "name" : "Verify that the board sections are visible.",
      "time" : {
        "start" : 1735828197489,
        "stop" : 1735828197503,
        "duration" : 14
      },
      "status" : "passed",
      "steps" : [ ],
      "attachments" : [ ],
      "parameters" : [ ],
      "attachmentsCount" : 0,
      "shouldDisplayMessage" : false,
      "stepsCount" : 0,
      "hasContent" : false
    }, {
      "name" : "Enter Board section name.",
      "time" : {
        "start" : 1735828197503,
        "stop" : 1735828197577,
        "duration" : 74
      },
      "status" : "passed",
      "steps" : [ ],
      "attachments" : [ ],
      "parameters" : [ {
        "name" : "section_name",
        "value" : "'To Do'"
      } ],
      "attachmentsCount" : 0,
      "shouldDisplayMessage" : false,
      "stepsCount" : 0,
      "hasContent" : true
    }, {
      "name" : "Click on the confirm \"Add section\" button.",
      "time" : {
        "start" : 1735828197577,
        "stop" : 1735828197673,
        "duration" : 96
      },
      "status" : "passed",
      "steps" : [ ],
      "attachments" : [ ],
      "parameters" : [ ],
      "attachmentsCount" : 0,
      "shouldDisplayMessage" : false,
      "stepsCount" : 0,
      "hasContent" : false
    }, {
      "name" : "Click on the \"Add section\" button.",
      "time" : {
        "start" : 1735828197674,
        "stop" : 1735828197747,
        "duration" : 73
      },
      "status" : "passed",
      "steps" : [ ],
      "attachments" : [ ],
      "parameters" : [ ],
      "attachmentsCount" : 0,
      "shouldDisplayMessage" : false,
      "stepsCount" : 0,
      "hasContent" : false
    }, {
      "name" : "Enter Board section name.",
      "time" : {
        "start" : 1735828197747,
        "stop" : 1735828212836,
        "duration" : 15089
      },
      "status" : "broken",
      "statusMessage" : "selenium.common.exceptions.TimeoutException: Message: \n\n",
      "statusTrace" : "  File \"/usr/local/lib/python3.11/site-packages/allure_commons/_allure.py\", line 192, in impl\n    return func(*a, **kw)\n           ^^^^^^^^^^^^^^\n  File \"/usr/workspace/pages/projects_page.py\", line 78, in enter_section_name\n    self.enter_text(self.NAME_THIS_SECTION_FIELD, section_name)\n  File \"/usr/workspace/base/base_page.py\", line 24, in enter_text\n    element = self.wait.until(EC.element_to_be_clickable(locator))\n              ^^^^^^^^^^^^^^^^^^^^^^^^^^^^^^^^^^^^^^^^^^^^^^^^^^^^\n  File \"/usr/local/lib/python3.11/site-packages/selenium/webdriver/support/wait.py\", line 105, in until\n    raise TimeoutException(message, screen, stacktrace)\n",
      "steps" : [ ],
      "attachments" : [ ],
      "parameters" : [ {
        "name" : "section_name",
        "value" : "'In Progress'"
      } ],
      "attachmentsCount" : 0,
      "shouldDisplayMessage" : true,
      "stepsCount" : 0,
      "hasContent" : true
    }, {
      "name" : "Postconditions: Delete the created account.",
      "time" : {
        "start" : 1735828212970,
        "stop" : 1735828220410,
        "duration" : 7440
      },
      "status" : "passed",
      "steps" : [ {
        "name" : "Open the page https://app.todoist.com/app/settings/account/delete.",
        "time" : {
          "start" : 1735828214970,
          "stop" : 1735828215997,
          "duration" : 1027
        },
        "status" : "passed",
        "steps" : [ ],
        "attachments" : [ ],
        "parameters" : [ ],
        "attachmentsCount" : 0,
        "shouldDisplayMessage" : false,
        "stepsCount" : 0,
        "hasContent" : false
      }, {
        "name" : "Enter email into the \"Todoist email\" field.",
        "time" : {
          "start" : 1735828217997,
          "stop" : 1735828218210,
          "duration" : 213
        },
        "status" : "passed",
        "steps" : [ ],
        "attachments" : [ ],
        "parameters" : [ {
          "name" : "email",
          "value" : "'davidjohnson@example.net'"
        } ],
        "attachmentsCount" : 0,
        "shouldDisplayMessage" : false,
        "stepsCount" : 0,
        "hasContent" : true
      }, {
        "name" : "Enter password into the \"Todoist password\" field.",
        "time" : {
          "start" : 1735828218210,
          "stop" : 1735828218328,
          "duration" : 118
        },
        "status" : "passed",
        "steps" : [ ],
        "attachments" : [ ],
        "parameters" : [ {
          "name" : "password",
          "value" : "'tweVrx*e&99G'"
        } ],
        "attachmentsCount" : 0,
        "shouldDisplayMessage" : false,
        "stepsCount" : 0,
        "hasContent" : true
      }, {
        "name" : "Click on the \"Delete account\" button.",
        "time" : {
          "start" : 1735828218329,
          "stop" : 1735828218398,
          "duration" : 69
        },
        "status" : "passed",
        "steps" : [ ],
        "attachments" : [ ],
        "parameters" : [ ],
        "attachmentsCount" : 0,
        "shouldDisplayMessage" : false,
        "stepsCount" : 0,
        "hasContent" : false
      }, {
        "name" : "Verify that the page with the URL https://app.todoist.com/auth/account-deleted is opened.",
        "time" : {
          "start" : 1735828218398,
          "stop" : 1735828220410,
          "duration" : 2012
        },
        "status" : "passed",
        "steps" : [ ],
        "attachments" : [ ],
        "parameters" : [ ],
        "attachmentsCount" : 0,
        "shouldDisplayMessage" : false,
        "stepsCount" : 0,
        "hasContent" : false
      } ],
      "attachments" : [ ],
      "parameters" : [ ],
      "attachmentsCount" : 0,
      "shouldDisplayMessage" : false,
      "stepsCount" : 5,
      "hasContent" : true
    } ],
    "attachments" : [ {
      "uid" : "dabdb465ea33f83e",
      "name" : "Task Board Creation Test Failed",
      "source" : "dabdb465ea33f83e.png",
      "type" : "image/png",
      "size" : 45306
    } ],
    "parameters" : [ ],
    "attachmentsCount" : 1,
    "shouldDisplayMessage" : true,
    "stepsCount" : 19,
    "hasContent" : true
  },
  "afterStages" : [ {
    "name" : "driver::0",
    "time" : {
      "start" : 1735828220424,
      "stop" : 1735828220424,
      "duration" : 0
    },
    "status" : "passed",
    "steps" : [ ],
    "attachments" : [ ],
    "parameters" : [ ],
    "attachmentsCount" : 0,
    "shouldDisplayMessage" : false,
    "stepsCount" : 0,
    "hasContent" : false
  } ],
  "labels" : [ {
    "name" : "severity",
    "value" : "critical"
  }, {
    "name" : "feature",
    "value" : "Projects Management"
  }, {
    "name" : "tag",
    "value" : "regression"
  }, {
    "name" : "tag",
    "value" : "order(24)"
  }, {
    "name" : "parentSuite",
    "value" : "tests"
  }, {
    "name" : "suite",
    "value" : "test_projects_management"
  }, {
    "name" : "subSuite",
    "value" : "TestProjectsManagement"
  }, {
    "name" : "host",
    "value" : "d1ed54e2cebd"
  }, {
    "name" : "thread",
    "value" : "1-MainThread"
  }, {
    "name" : "framework",
    "value" : "pytest"
  }, {
    "name" : "language",
    "value" : "cpython3"
  }, {
    "name" : "package",
    "value" : "tests.test_projects_management"
  }, {
    "name" : "resultFormat",
    "value" : "allure2"
  } ],
  "parameters" : [ ],
  "links" : [ ],
  "hidden" : false,
  "retry" : false,
  "extra" : {
    "severity" : "critical",
    "retries" : [ ],
    "categories" : [ {
      "name" : "Test defects",
      "matchedStatuses" : [ ],
      "flaky" : false
    } ],
    "history" : {
      "statistic" : {
        "failed" : 0,
        "broken" : 1,
        "skipped" : 0,
        "passed" : 2,
        "unknown" : 0,
        "total" : 3
      },
      "items" : [ {
        "uid" : "80ebc5cc9cb7298",
        "status" : "passed",
        "time" : {
          "start" : 1735822060900,
          "stop" : 1735822070993,
          "duration" : 10093
        }
      }, {
        "uid" : "6fa7ea8335425a7e",
        "status" : "passed",
        "time" : {
          "start" : 1735333818850,
          "stop" : 1735333827428,
          "duration" : 8578
        }
      } ]
    },
    "tags" : [ "regression", "order(24)" ]
  },
  "source" : "a27e0ee998972505.json",
  "parameterValues" : [ ]
}